\BOOKMARK [0][-]{chapter.1}{\376\377\0001\000\040\000R\000E\000A\000D\000M\000E}{}% 1
\BOOKMARK [0][-]{chapter.2}{\376\377\0002\000\040\000F\000i\000l\000e\000\040\000I\000n\000d\000e\000x}{}% 2
\BOOKMARK [1][-]{section.2.1}{\376\377\0002\000.\0001\000\040\000F\000i\000l\000e\000\040\000L\000i\000s\000t}{chapter.2}% 3
\BOOKMARK [0][-]{chapter.3}{\376\377\0003\000\040\000F\000i\000l\000e\000\040\000D\000o\000c\000u\000m\000e\000n\000t\000a\000t\000i\000o\000n}{}% 4
\BOOKMARK [1][-]{section.3.1}{\376\377\0003\000.\0001\000\040\000C\000o\000n\000t\000r\000i\000b\000u\000t\000i\000o\000n\000\040\000a\000u\000\040\000p\000r\000o\000j\000e\000t\000/\000s\000o\000u\000r\000c\000e\000s\000/\000a\000u\000t\000o\000m\000a\000t\000e\000.\000c\000\040\000F\000i\000l\000e\000\040\000R\000e\000f\000e\000r\000e\000n\000c\000e}{chapter.3}% 5
\BOOKMARK [2][-]{subsection.3.1.1}{\376\377\0003\000.\0001\000.\0001\000\040\000F\000u\000n\000c\000t\000i\000o\000n\000\040\000D\000o\000c\000u\000m\000e\000n\000t\000a\000t\000i\000o\000n}{section.3.1}% 6
\BOOKMARK [3][-]{subsubsection.3.1.1.1}{\376\377\0003\000.\0001\000.\0001\000.\0001\000\040\000a\000l\000l\000o\000c\000\137\000m\000a\000t\000\137\000v\000i\000d\000e\000\050\000\051}{subsection.3.1.1}% 7
\BOOKMARK [3][-]{subsubsection.3.1.1.2}{\376\377\0003\000.\0001\000.\0001\000.\0002\000\040\000a\000l\000l\000o\000c\000\137\000t\000a\000b\000\137\0001\000D\000\050\000\051}{subsection.3.1.1}% 8
\BOOKMARK [3][-]{subsubsection.3.1.1.3}{\376\377\0003\000.\0001\000.\0001\000.\0003\000\040\000g\000e\000n\000e\000r\000a\000t\000o\000r\000\137\000a\000u\000t\000o\000m\000a\000t\000e\000\050\000\051}{subsection.3.1.1}% 9
\BOOKMARK [1][-]{section.3.2}{\376\377\0003\000.\0002\000\040\000P\000r\000o\000j\000e\000t\000\137\000C\000/\000s\000o\000u\000r\000c\000e\000s\000/\000a\000u\000t\000o\000m\000a\000t\000e\000.\000c\000\040\000F\000i\000l\000e\000\040\000R\000e\000f\000e\000r\000e\000n\000c\000e}{chapter.3}% 10
\BOOKMARK [2][-]{subsection.3.2.1}{\376\377\0003\000.\0002\000.\0001\000\040\000F\000u\000n\000c\000t\000i\000o\000n\000\040\000D\000o\000c\000u\000m\000e\000n\000t\000a\000t\000i\000o\000n}{section.3.2}% 11
\BOOKMARK [3][-]{subsubsection.3.2.1.1}{\376\377\0003\000.\0002\000.\0001\000.\0001\000\040\000a\000d\000d\000\137\000s\000t\000a\000t\000e\000\137\000t\000o\000\137\000c\000o\000m\000p\000o\000s\000i\000t\000e\000\137\000t\000a\000b\000l\000e\000\050\000\051}{subsection.3.2.1}% 12
\BOOKMARK [3][-]{subsubsection.3.2.1.2}{\376\377\0003\000.\0002\000.\0001\000.\0002\000\040\000a\000d\000d\000\137\000s\000t\000a\000t\000e\000\137\000t\000o\000\137\000r\000e\000n\000a\000m\000e\000\137\000t\000a\000b\000l\000e\000\137\000s\000t\000a\000t\000e\000\050\000\051}{subsection.3.2.1}% 13
\BOOKMARK [3][-]{subsubsection.3.2.1.3}{\376\377\0003\000.\0002\000.\0001\000.\0003\000\040\000a\000f\000f\000i\000c\000h\000a\000g\000e\000\137\0001\000D\000\050\000\051}{subsection.3.2.1}% 14
\BOOKMARK [3][-]{subsubsection.3.2.1.4}{\376\377\0003\000.\0002\000.\0001\000.\0004\000\040\000a\000f\000f\000i\000c\000h\000a\000g\000e\000\137\0002\000D\000\050\000\051}{subsection.3.2.1}% 15
\BOOKMARK [3][-]{subsubsection.3.2.1.5}{\376\377\0003\000.\0002\000.\0001\000.\0005\000\040\000a\000f\000f\000i\000c\000h\000a\000g\000e\000\137\000a\000u\000t\000o\000m\000a\000t\000e\000\050\000\051}{subsection.3.2.1}% 16
\BOOKMARK [3][-]{subsubsection.3.2.1.6}{\376\377\0003\000.\0002\000.\0001\000.\0006\000\040\000a\000f\000f\000i\000c\000h\000a\000g\000e\000\137\000c\000a\000s\000e\000\137\000m\000a\000t\000\050\000\051}{subsection.3.2.1}% 17
\BOOKMARK [3][-]{subsubsection.3.2.1.7}{\376\377\0003\000.\0002\000.\0001\000.\0007\000\040\000a\000f\000f\000i\000c\000h\000a\000g\000e\000\137\000c\000a\000s\000e\000\137\000t\000a\000b\000\137\0001\000D\000\050\000\051}{subsection.3.2.1}% 18
\BOOKMARK [3][-]{subsubsection.3.2.1.8}{\376\377\0003\000.\0002\000.\0001\000.\0008\000\040\000a\000f\000f\000i\000c\000h\000a\000g\000e\000\137\000c\000a\000s\000e\000\137\000t\000a\000b\000\137\0002\000D\000\050\000\051}{subsection.3.2.1}% 19
\BOOKMARK [3][-]{subsubsection.3.2.1.9}{\376\377\0003\000.\0002\000.\0001\000.\0009\000\040\000a\000f\000f\000i\000c\000h\000a\000g\000e\000\137\000c\000o\000l\000\137\000m\000a\000t\000\050\000\051}{subsection.3.2.1}% 20
\BOOKMARK [3][-]{subsubsection.3.2.1.10}{\376\377\0003\000.\0002\000.\0001\000.\0001\0000\000\040\000a\000f\000f\000i\000c\000h\000a\000g\000e\000\137\000l\000i\000g\000n\000e\000\137\000m\000a\000t\000\050\000\051}{subsection.3.2.1}% 21
\BOOKMARK [3][-]{subsubsection.3.2.1.11}{\376\377\0003\000.\0002\000.\0001\000.\0001\0001\000\040\000a\000f\000f\000i\000c\000h\000a\000g\000e\000\137\000m\000o\000t\000\050\000\051}{subsection.3.2.1}% 22
\BOOKMARK [3][-]{subsubsection.3.2.1.12}{\376\377\0003\000.\0002\000.\0001\000.\0001\0002\000\040\000a\000l\000l\000o\000c\000a\000t\000i\000o\000n\000\137\000m\000a\000t\000\137\000v\000i\000d\000e\000\050\000\051}{subsection.3.2.1}% 23
\BOOKMARK [3][-]{subsubsection.3.2.1.13}{\376\377\0003\000.\0002\000.\0001\000.\0001\0003\000\040\000a\000l\000l\000o\000c\000a\000t\000i\000o\000n\000\137\000t\000a\000b\000\137\0001\000D\000\050\000\051}{subsection.3.2.1}% 24
\BOOKMARK [3][-]{subsubsection.3.2.1.14}{\376\377\0003\000.\0002\000.\0001\000.\0001\0004\000\040\000a\000l\000l\000o\000c\000a\000t\000i\000o\000n\000\137\000t\000a\000b\000\137\0002\000D\000\050\000\051}{subsection.3.2.1}% 25
\BOOKMARK [3][-]{subsubsection.3.2.1.15}{\376\377\0003\000.\0002\000.\0001\000.\0001\0005\000\040\000c\000a\000l\000c\000u\000l\000t\000e\000\137\000n\000u\000m\000b\000e\000r\000\137\000s\000t\000a\000t\000e\000s\000\137\000t\000o\000u\000c\000h\000\050\000\051}{subsection.3.2.1}% 26
\BOOKMARK [3][-]{subsubsection.3.2.1.16}{\376\377\0003\000.\0002\000.\0001\000.\0001\0006\000\040\000c\000o\000m\000p\000l\000e\000m\000e\000n\000t\000\137\000a\000u\000t\000o\000m\000a\000t\000e\000\050\000\051}{subsection.3.2.1}% 27
\BOOKMARK [3][-]{subsubsection.3.2.1.17}{\376\377\0003\000.\0002\000.\0001\000.\0001\0007\000\040\000c\000o\000n\000c\000a\000t\000\050\000\051}{subsection.3.2.1}% 28
\BOOKMARK [3][-]{subsubsection.3.2.1.18}{\376\377\0003\000.\0002\000.\0001\000.\0001\0008\000\040\000c\000o\000p\000i\000e\000\137\000a\000u\000t\000o\000m\000a\000t\000e\000\050\000\051}{subsection.3.2.1}% 29
\BOOKMARK [3][-]{subsubsection.3.2.1.19}{\376\377\0003\000.\0002\000.\0001\000.\0001\0009\000\040\000c\000o\000p\000y\000\137\000l\000i\000n\000e\000\137\000m\000a\000t\000\050\000\051}{subsection.3.2.1}% 30
\BOOKMARK [3][-]{subsubsection.3.2.1.20}{\376\377\0003\000.\0002\000.\0001\000.\0002\0000\000\040\000d\000e\000l\000\137\000a\000u\000t\000o\000m\000a\000t\000e\000\050\000\051}{subsection.3.2.1}% 31
\BOOKMARK [3][-]{subsubsection.3.2.1.21}{\376\377\0003\000.\0002\000.\0001\000.\0002\0001\000\040\000e\000c\000h\000a\000n\000g\000e\000\050\000\051}{subsection.3.2.1}% 32
\BOOKMARK [3][-]{subsubsection.3.2.1.22}{\376\377\0003\000.\0002\000.\0001\000.\0002\0002\000\040\000e\000s\000t\000\137\000c\000o\000m\000p\000l\000e\000t\000\050\000\051}{subsection.3.2.1}% 33
\BOOKMARK [3][-]{subsubsection.3.2.1.23}{\376\377\0003\000.\0002\000.\0001\000.\0002\0003\000\040\000e\000s\000t\000\137\000d\000e\000t\000e\000r\000m\000i\000n\000i\000s\000t\000e\000\050\000\051}{subsection.3.2.1}% 34
\BOOKMARK [3][-]{subsubsection.3.2.1.24}{\376\377\0003\000.\0002\000.\0001\000.\0002\0004\000\040\000e\000s\000t\000\137\000r\000e\000c\000o\000n\000n\000u\000\050\000\051}{subsection.3.2.1}% 35
\BOOKMARK [3][-]{subsubsection.3.2.1.25}{\376\377\0003\000.\0002\000.\0001\000.\0002\0005\000\040\000e\000s\000t\000\137\000u\000n\000\137\000e\000t\000a\000t\000\137\000f\000i\000n\000a\000l\000\050\000\051}{subsection.3.2.1}% 36
\BOOKMARK [3][-]{subsubsection.3.2.1.26}{\376\377\0003\000.\0002\000.\0001\000.\0002\0006\000\040\000e\000x\000i\000s\000t\000\137\000s\000t\000a\000t\000e\000\137\000i\000n\000\137\000t\000a\000b\000\137\000t\000r\000a\000n\000s\000i\000\050\000\051}{subsection.3.2.1}% 37
\BOOKMARK [3][-]{subsubsection.3.2.1.27}{\376\377\0003\000.\0002\000.\0001\000.\0002\0007\000\040\000f\000i\000n\000d\000\137\000n\000e\000x\000t\000\137\000s\000t\000a\000t\000e\000\050\000\051}{subsection.3.2.1}% 38
\BOOKMARK [3][-]{subsubsection.3.2.1.28}{\376\377\0003\000.\0002\000.\0001\000.\0002\0008\000\040\000g\000e\000n\000e\000r\000a\000t\000e\000\137\000a\000u\000t\000o\000m\000a\000t\000e\000\050\000\051}{subsection.3.2.1}% 39
\BOOKMARK [3][-]{subsubsection.3.2.1.29}{\376\377\0003\000.\0002\000.\0001\000.\0002\0009\000\040\000g\000e\000n\000e\000r\000a\000t\000e\000\137\000a\000u\000t\000o\000m\000a\000t\000e\000\137\000n\000u\000l\000l\000\050\000\051}{subsection.3.2.1}% 40
\BOOKMARK [3][-]{subsubsection.3.2.1.30}{\376\377\0003\000.\0002\000.\0001\000.\0003\0000\000\040\000g\000r\000o\000u\000p\000\137\000s\000t\000a\000t\000e\000s\000\137\000b\000y\000\137\000s\000a\000m\000e\000\137\000s\000y\000m\000b\000o\000l\000\050\000\051}{subsection.3.2.1}% 41
\BOOKMARK [3][-]{subsubsection.3.2.1.31}{\376\377\0003\000.\0002\000.\0001\000.\0003\0001\000\040\000g\000r\000o\000u\000p\000\137\000s\000t\000a\000t\000e\000s\000\137\000b\000y\000\137\000s\000a\000m\000e\000\137\000s\000y\000m\000b\000o\000l\000\137\000n\000o\000t\000\137\000p\000r\000i\000n\000t\000\050\000\051}{subsection.3.2.1}% 42
\BOOKMARK [3][-]{subsubsection.3.2.1.32}{\376\377\0003\000.\0002\000.\0001\000.\0003\0002\000\040\000i\000m\000p\000o\000r\000t\000\137\000a\000u\000t\000o\000m\000a\000e\000\050\000\051}{subsection.3.2.1}% 43
\BOOKMARK [3][-]{subsubsection.3.2.1.33}{\376\377\0003\000.\0002\000.\0001\000.\0003\0003\000\040\000l\000e\000c\000t\000u\000r\000e\000\137\000a\000u\000t\000o\000m\000a\000t\000e\000\137\000c\000o\000u\000r\000t\000\050\000\051}{subsection.3.2.1}% 44
\BOOKMARK [3][-]{subsubsection.3.2.1.34}{\376\377\0003\000.\0002\000.\0001\000.\0003\0004\000\040\000l\000e\000c\000t\000u\000r\000e\000\137\000a\000u\000t\000o\000m\000a\000t\000e\000\137\000l\000o\000n\000g\000\050\000\051}{subsection.3.2.1}% 45
\BOOKMARK [3][-]{subsubsection.3.2.1.35}{\376\377\0003\000.\0002\000.\0001\000.\0003\0005\000\040\000l\000e\000c\000t\000u\000r\000e\000\137\000e\000t\000a\000t\000s\000\137\000f\000i\000n\000a\000u\000x\000\050\000\051}{subsection.3.2.1}% 46
\BOOKMARK [3][-]{subsubsection.3.2.1.36}{\376\377\0003\000.\0002\000.\0001\000.\0003\0006\000\040\000l\000e\000c\000t\000u\000r\000e\000\137\000m\000o\000t\000\050\000\051}{subsection.3.2.1}% 47
\BOOKMARK [3][-]{subsubsection.3.2.1.37}{\376\377\0003\000.\0002\000.\0001\000.\0003\0007\000\040\000m\000o\000d\000i\000f\000y\000\137\000a\000u\000t\000o\000m\000a\000t\000e\000\050\000\051}{subsection.3.2.1}% 48
\BOOKMARK [3][-]{subsubsection.3.2.1.38}{\376\377\0003\000.\0002\000.\0001\000.\0003\0008\000\040\000m\000o\000t\000\137\000s\000a\000i\000s\000i\000\050\000\051}{subsection.3.2.1}% 49
\BOOKMARK [3][-]{subsubsection.3.2.1.39}{\376\377\0003\000.\0002\000.\0001\000.\0003\0009\000\040\000m\000o\000t\000\137\000s\000a\000i\000s\000i\000\137\000a\000v\000a\000n\000t\000\050\000\051}{subsection.3.2.1}% 50
\BOOKMARK [3][-]{subsubsection.3.2.1.40}{\376\377\0003\000.\0002\000.\0001\000.\0004\0000\000\040\000N\000e\000x\000t\000\137\000o\000n\000e\000\137\000s\000t\000a\000t\000e\000\137\000t\000o\000u\000c\000h\000\050\000\051}{subsection.3.2.1}% 51
\BOOKMARK [3][-]{subsubsection.3.2.1.41}{\376\377\0003\000.\0002\000.\0001\000.\0004\0001\000\040\000N\000e\000x\000t\000\137\000s\000t\000a\000t\000e\000s\000\137\000t\000o\000u\000c\000h\000\050\000\051}{subsection.3.2.1}% 52
\BOOKMARK [3][-]{subsubsection.3.2.1.42}{\376\377\0003\000.\0002\000.\0001\000.\0004\0002\000\040\000N\000e\000x\000t\000\137\000s\000t\000a\000t\000e\000s\000\137\000t\000o\000u\000c\000h\000\137\000n\000o\000t\000\137\000p\000r\000i\000n\000t\000\050\000\051}{subsection.3.2.1}% 53
\BOOKMARK [3][-]{subsubsection.3.2.1.43}{\376\377\0003\000.\0002\000.\0001\000.\0004\0003\000\040\000p\000r\000o\000d\000u\000c\000t\000e\000\137\000a\000\137\000b\000\050\000\051}{subsection.3.2.1}% 54
\BOOKMARK [3][-]{subsubsection.3.2.1.44}{\376\377\0003\000.\0002\000.\0001\000.\0004\0004\000\040\000r\000e\000c\000o\000n\000n\000u\000\137\000v\0002\000\050\000\051}{subsection.3.2.1}% 55
\BOOKMARK [3][-]{subsubsection.3.2.1.45}{\376\377\0003\000.\0002\000.\0001\000.\0004\0005\000\040\000r\000e\000m\000p\000l\000i\000r\000\137\000a\000u\000t\000o\000m\000a\000t\000e\000\050\000\051}{subsection.3.2.1}% 56
\BOOKMARK [3][-]{subsubsection.3.2.1.46}{\376\377\0003\000.\0002\000.\0001\000.\0004\0006\000\040\000r\000e\000n\000d\000r\000e\000\137\000c\000o\000m\000p\000l\000e\000t\000\050\000\051}{subsection.3.2.1}% 57
\BOOKMARK [3][-]{subsubsection.3.2.1.47}{\376\377\0003\000.\0002\000.\0001\000.\0004\0007\000\040\000r\000e\000n\000d\000r\000e\000\137\000d\000e\000t\000e\000r\000m\000i\000n\000i\000s\000t\000e\000\050\000\051}{subsection.3.2.1}% 58
\BOOKMARK [3][-]{subsubsection.3.2.1.48}{\376\377\0003\000.\0002\000.\0001\000.\0004\0008\000\040\000r\000e\000t\000o\000u\000r\000n\000e\000\137\000e\000t\000a\000t\000\137\000c\000o\000u\000a\000n\000t\000\050\000\051}{subsection.3.2.1}% 59
\BOOKMARK [3][-]{subsubsection.3.2.1.49}{\376\377\0003\000.\0002\000.\0001\000.\0004\0009\000\040\000s\000a\000v\000e\000\137\000a\000u\000t\000o\000m\000a\000t\000e\000\050\000\051}{subsection.3.2.1}% 60
\BOOKMARK [3][-]{subsubsection.3.2.1.50}{\376\377\0003\000.\0002\000.\0001\000.\0005\0000\000\040\000s\000e\000r\000i\000e\000\137\000t\000e\000s\000t\000\137\000r\000e\000c\000o\000n\000n\000a\000i\000s\000s\000a\000n\000c\000e\000\050\000\051}{subsection.3.2.1}% 61
\BOOKMARK [3][-]{subsubsection.3.2.1.51}{\376\377\0003\000.\0002\000.\0001\000.\0005\0001\000\040\000s\000t\000a\000r\000t\000\137\000w\000i\000t\000h\000\137\000t\000o\000w\000\050\000\051}{subsection.3.2.1}% 62
\BOOKMARK [3][-]{subsubsection.3.2.1.52}{\376\377\0003\000.\0002\000.\0001\000.\0005\0002\000\040\000T\000a\000b\000\137\000s\000t\000a\000t\000e\000s\000\137\000f\000r\000o\000m\000\137\000q\0000\000\050\000\051}{subsection.3.2.1}% 63
\BOOKMARK [3][-]{subsubsection.3.2.1.53}{\376\377\0003\000.\0002\000.\0001\000.\0005\0003\000\040\000T\000a\000b\000\137\000s\000t\000a\000t\000e\000s\000\137\000f\000r\000o\000m\000\137\000q\0000\000\137\000n\000o\000t\000\137\000p\000r\000i\000n\000t\000\050\000\051}{subsection.3.2.1}% 64
\BOOKMARK [3][-]{subsubsection.3.2.1.54}{\376\377\0003\000.\0002\000.\0001\000.\0005\0004\000\040\000T\000a\000b\000\137\000t\000r\000a\000n\000s\000i\000t\000i\000o\000n\000\137\000a\000u\000t\000o\000m\000a\000t\000e\000\050\000\051}{subsection.3.2.1}% 65
\BOOKMARK [3][-]{subsubsection.3.2.1.55}{\376\377\0003\000.\0002\000.\0001\000.\0005\0005\000\040\000T\000a\000b\000\137\000t\000r\000a\000n\000s\000i\000t\000i\000o\000n\000\137\000a\000u\000t\000o\000m\000a\000t\000e\000\137\000n\000o\000t\000\137\000p\000r\000i\000n\000t\000\050\000\051}{subsection.3.2.1}% 66
\BOOKMARK [3][-]{subsubsection.3.2.1.56}{\376\377\0003\000.\0002\000.\0001\000.\0005\0006\000\040\000t\000w\000o\000s\000\137\000s\000y\000m\000b\000o\000l\000\137\000a\000p\000p\000l\000y\000\050\000\051}{subsection.3.2.1}% 67
\BOOKMARK [3][-]{subsubsection.3.2.1.57}{\376\377\0003\000.\0002\000.\0001\000.\0005\0007\000\040\000u\000n\000i\000o\000n\000\137\000s\000t\000a\000t\000e\000s\000\137\000o\000f\000\137\000s\000a\000m\000e\000\137\000s\000y\000m\000b\000o\000l\000\050\000\051}{subsection.3.2.1}% 68
\BOOKMARK [3][-]{subsubsection.3.2.1.58}{\376\377\0003\000.\0002\000.\0001\000.\0005\0008\000\040\000u\000n\000i\000o\000n\000\137\000s\000t\000a\000t\000e\000s\000\137\000o\000f\000\137\000s\000a\000m\000e\000\137\000s\000y\000m\000b\000o\000l\000\137\000n\000o\000t\000\137\000p\000r\000i\000n\000t\000\050\000\051}{subsection.3.2.1}% 69
\BOOKMARK [1][-]{section.3.3}{\376\377\0003\000.\0003\000\040\000s\000o\000u\000r\000c\000e\000s\000/\000a\000u\000t\000o\000m\000a\000t\000e\000.\000c\000\040\000F\000i\000l\000e\000\040\000R\000e\000f\000e\000r\000e\000n\000c\000e}{chapter.3}% 70
\BOOKMARK [2][-]{subsection.3.3.1}{\376\377\0003\000.\0003\000.\0001\000\040\000D\000e\000t\000a\000i\000l\000e\000d\000\040\000D\000e\000s\000c\000r\000i\000p\000t\000i\000o\000n}{section.3.3}% 71
\BOOKMARK [2][-]{subsection.3.3.2}{\376\377\0003\000.\0003\000.\0002\000\040\000F\000u\000n\000c\000t\000i\000o\000n\000\040\000D\000o\000c\000u\000m\000e\000n\000t\000a\000t\000i\000o\000n}{section.3.3}% 72
\BOOKMARK [3][-]{subsubsection.3.3.2.1}{\376\377\0003\000.\0003\000.\0002\000.\0001\000\040\000a\000d\000d\000\137\000s\000t\000a\000t\000e\000\137\000t\000o\000\137\000c\000o\000m\000p\000o\000s\000i\000t\000e\000\137\000t\000a\000b\000l\000e\000\050\000\051}{subsection.3.3.2}% 73
\BOOKMARK [3][-]{subsubsection.3.3.2.2}{\376\377\0003\000.\0003\000.\0002\000.\0002\000\040\000a\000d\000d\000\137\000s\000t\000a\000t\000e\000\137\000t\000o\000\137\000r\000e\000n\000a\000m\000e\000\137\000t\000a\000b\000l\000e\000\137\000s\000t\000a\000t\000e\000\050\000\051}{subsection.3.3.2}% 74
\BOOKMARK [3][-]{subsubsection.3.3.2.3}{\376\377\0003\000.\0003\000.\0002\000.\0003\000\040\000a\000f\000f\000i\000c\000h\000a\000g\000e\000\137\0001\000D\000\050\000\051}{subsection.3.3.2}% 75
\BOOKMARK [3][-]{subsubsection.3.3.2.4}{\376\377\0003\000.\0003\000.\0002\000.\0004\000\040\000a\000f\000f\000i\000c\000h\000a\000g\000e\000\137\0002\000D\000\050\000\051}{subsection.3.3.2}% 76
\BOOKMARK [3][-]{subsubsection.3.3.2.5}{\376\377\0003\000.\0003\000.\0002\000.\0005\000\040\000a\000f\000f\000i\000c\000h\000a\000g\000e\000\137\000a\000u\000t\000o\000m\000a\000t\000e\000\050\000\051}{subsection.3.3.2}% 77
\BOOKMARK [3][-]{subsubsection.3.3.2.6}{\376\377\0003\000.\0003\000.\0002\000.\0006\000\040\000a\000f\000f\000i\000c\000h\000a\000g\000e\000\137\000c\000a\000s\000e\000\137\000m\000a\000t\000\050\000\051}{subsection.3.3.2}% 78
\BOOKMARK [3][-]{subsubsection.3.3.2.7}{\376\377\0003\000.\0003\000.\0002\000.\0007\000\040\000a\000f\000f\000i\000c\000h\000a\000g\000e\000\137\000c\000a\000s\000e\000\137\000t\000a\000b\000\137\0001\000D\000\050\000\051}{subsection.3.3.2}% 79
\BOOKMARK [3][-]{subsubsection.3.3.2.8}{\376\377\0003\000.\0003\000.\0002\000.\0008\000\040\000a\000f\000f\000i\000c\000h\000a\000g\000e\000\137\000c\000a\000s\000e\000\137\000t\000a\000b\000\137\0002\000D\000\050\000\051}{subsection.3.3.2}% 80
\BOOKMARK [3][-]{subsubsection.3.3.2.9}{\376\377\0003\000.\0003\000.\0002\000.\0009\000\040\000a\000f\000f\000i\000c\000h\000a\000g\000e\000\137\000c\000o\000l\000\137\000m\000a\000t\000\050\000\051}{subsection.3.3.2}% 81
\BOOKMARK [3][-]{subsubsection.3.3.2.10}{\376\377\0003\000.\0003\000.\0002\000.\0001\0000\000\040\000a\000f\000f\000i\000c\000h\000a\000g\000e\000\137\000l\000i\000g\000n\000e\000\137\000m\000a\000t\000\050\000\051}{subsection.3.3.2}% 82
\BOOKMARK [3][-]{subsubsection.3.3.2.11}{\376\377\0003\000.\0003\000.\0002\000.\0001\0001\000\040\000a\000f\000f\000i\000c\000h\000a\000g\000e\000\137\000m\000o\000t\000\050\000\051}{subsection.3.3.2}% 83
\BOOKMARK [3][-]{subsubsection.3.3.2.12}{\376\377\0003\000.\0003\000.\0002\000.\0001\0002\000\040\000a\000l\000l\000o\000c\000a\000t\000i\000o\000n\000\137\000m\000a\000t\000\137\000v\000i\000d\000e\000\050\000\051}{subsection.3.3.2}% 84
\BOOKMARK [3][-]{subsubsection.3.3.2.13}{\376\377\0003\000.\0003\000.\0002\000.\0001\0003\000\040\000a\000l\000l\000o\000c\000a\000t\000i\000o\000n\000\137\000t\000a\000b\000\137\0001\000D\000\050\000\051}{subsection.3.3.2}% 85
\BOOKMARK [3][-]{subsubsection.3.3.2.14}{\376\377\0003\000.\0003\000.\0002\000.\0001\0004\000\040\000a\000l\000l\000o\000c\000a\000t\000i\000o\000n\000\137\000t\000a\000b\000\137\0002\000D\000\050\000\051}{subsection.3.3.2}% 86
\BOOKMARK [3][-]{subsubsection.3.3.2.15}{\376\377\0003\000.\0003\000.\0002\000.\0001\0005\000\040\000c\000a\000l\000c\000u\000l\000t\000e\000\137\000n\000u\000m\000b\000e\000r\000\137\000s\000t\000a\000t\000e\000s\000\137\000t\000o\000u\000c\000h\000\050\000\051}{subsection.3.3.2}% 87
\BOOKMARK [3][-]{subsubsection.3.3.2.16}{\376\377\0003\000.\0003\000.\0002\000.\0001\0006\000\040\000c\000o\000m\000p\000l\000e\000m\000e\000n\000t\000\137\000a\000u\000t\000o\000m\000a\000t\000e\000\050\000\051}{subsection.3.3.2}% 88
\BOOKMARK [3][-]{subsubsection.3.3.2.17}{\376\377\0003\000.\0003\000.\0002\000.\0001\0007\000\040\000c\000o\000n\000c\000a\000t\000\050\000\051}{subsection.3.3.2}% 89
\BOOKMARK [3][-]{subsubsection.3.3.2.18}{\376\377\0003\000.\0003\000.\0002\000.\0001\0008\000\040\000c\000o\000p\000i\000e\000\137\000a\000u\000t\000o\000m\000a\000t\000e\000\050\000\051}{subsection.3.3.2}% 90
\BOOKMARK [3][-]{subsubsection.3.3.2.19}{\376\377\0003\000.\0003\000.\0002\000.\0001\0009\000\040\000c\000o\000p\000y\000\137\000l\000i\000n\000e\000\137\000m\000a\000t\000\050\000\051}{subsection.3.3.2}% 91
\BOOKMARK [3][-]{subsubsection.3.3.2.20}{\376\377\0003\000.\0003\000.\0002\000.\0002\0000\000\040\000d\000e\000l\000\137\000a\000u\000t\000o\000m\000a\000t\000e\000\050\000\051}{subsection.3.3.2}% 92
\BOOKMARK [3][-]{subsubsection.3.3.2.21}{\376\377\0003\000.\0003\000.\0002\000.\0002\0001\000\040\000e\000c\000h\000a\000n\000g\000e\000\050\000\051}{subsection.3.3.2}% 93
\BOOKMARK [3][-]{subsubsection.3.3.2.22}{\376\377\0003\000.\0003\000.\0002\000.\0002\0002\000\040\000e\000s\000t\000\137\000c\000o\000m\000p\000l\000e\000t\000\050\000\051}{subsection.3.3.2}% 94
\BOOKMARK [3][-]{subsubsection.3.3.2.23}{\376\377\0003\000.\0003\000.\0002\000.\0002\0003\000\040\000e\000s\000t\000\137\000d\000e\000t\000e\000r\000m\000i\000n\000i\000s\000t\000e\000\050\000\051}{subsection.3.3.2}% 95
\BOOKMARK [3][-]{subsubsection.3.3.2.24}{\376\377\0003\000.\0003\000.\0002\000.\0002\0004\000\040\000e\000s\000t\000\137\000r\000e\000c\000o\000n\000n\000u\000\050\000\051}{subsection.3.3.2}% 96
\BOOKMARK [3][-]{subsubsection.3.3.2.25}{\376\377\0003\000.\0003\000.\0002\000.\0002\0005\000\040\000e\000s\000t\000\137\000u\000n\000\137\000e\000t\000a\000t\000\137\000f\000i\000n\000a\000l\000\050\000\051}{subsection.3.3.2}% 97
\BOOKMARK [3][-]{subsubsection.3.3.2.26}{\376\377\0003\000.\0003\000.\0002\000.\0002\0006\000\040\000e\000x\000i\000s\000t\000\137\000s\000t\000a\000t\000e\000\137\000i\000n\000\137\000t\000a\000b\000\137\000t\000r\000a\000n\000s\000i\000\050\000\051}{subsection.3.3.2}% 98
\BOOKMARK [3][-]{subsubsection.3.3.2.27}{\376\377\0003\000.\0003\000.\0002\000.\0002\0007\000\040\000f\000i\000n\000d\000\137\000n\000e\000x\000t\000\137\000s\000t\000a\000t\000e\000\050\000\051}{subsection.3.3.2}% 99
\BOOKMARK [3][-]{subsubsection.3.3.2.28}{\376\377\0003\000.\0003\000.\0002\000.\0002\0008\000\040\000g\000e\000n\000e\000r\000a\000t\000e\000\137\000a\000u\000t\000o\000m\000a\000t\000e\000\050\000\051}{subsection.3.3.2}% 100
\BOOKMARK [3][-]{subsubsection.3.3.2.29}{\376\377\0003\000.\0003\000.\0002\000.\0002\0009\000\040\000g\000e\000n\000e\000r\000a\000t\000e\000\137\000a\000u\000t\000o\000m\000a\000t\000e\000\137\000n\000u\000l\000l\000\050\000\051}{subsection.3.3.2}% 101
\BOOKMARK [3][-]{subsubsection.3.3.2.30}{\376\377\0003\000.\0003\000.\0002\000.\0003\0000\000\040\000g\000r\000o\000u\000p\000\137\000s\000t\000a\000t\000e\000s\000\137\000b\000y\000\137\000s\000a\000m\000e\000\137\000s\000y\000m\000b\000o\000l\000\050\000\051}{subsection.3.3.2}% 102
\BOOKMARK [3][-]{subsubsection.3.3.2.31}{\376\377\0003\000.\0003\000.\0002\000.\0003\0001\000\040\000g\000r\000o\000u\000p\000\137\000s\000t\000a\000t\000e\000s\000\137\000b\000y\000\137\000s\000a\000m\000e\000\137\000s\000y\000m\000b\000o\000l\000\137\000n\000o\000t\000\137\000p\000r\000i\000n\000t\000\050\000\051}{subsection.3.3.2}% 103
\BOOKMARK [3][-]{subsubsection.3.3.2.32}{\376\377\0003\000.\0003\000.\0002\000.\0003\0002\000\040\000i\000m\000p\000o\000r\000t\000\137\000a\000u\000t\000o\000m\000a\000e\000\050\000\051}{subsection.3.3.2}% 104
\BOOKMARK [3][-]{subsubsection.3.3.2.33}{\376\377\0003\000.\0003\000.\0002\000.\0003\0003\000\040\000l\000e\000c\000t\000u\000r\000e\000\137\000a\000u\000t\000o\000m\000a\000t\000e\000\137\000c\000o\000u\000r\000t\000\050\000\051}{subsection.3.3.2}% 105
\BOOKMARK [3][-]{subsubsection.3.3.2.34}{\376\377\0003\000.\0003\000.\0002\000.\0003\0004\000\040\000l\000e\000c\000t\000u\000r\000e\000\137\000a\000u\000t\000o\000m\000a\000t\000e\000\137\000l\000o\000n\000g\000\050\000\051}{subsection.3.3.2}% 106
\BOOKMARK [3][-]{subsubsection.3.3.2.35}{\376\377\0003\000.\0003\000.\0002\000.\0003\0005\000\040\000l\000e\000c\000t\000u\000r\000e\000\137\000e\000t\000a\000t\000s\000\137\000f\000i\000n\000a\000u\000x\000\050\000\051}{subsection.3.3.2}% 107
\BOOKMARK [3][-]{subsubsection.3.3.2.36}{\376\377\0003\000.\0003\000.\0002\000.\0003\0006\000\040\000l\000e\000c\000t\000u\000r\000e\000\137\000m\000o\000t\000\050\000\051}{subsection.3.3.2}% 108
\BOOKMARK [3][-]{subsubsection.3.3.2.37}{\376\377\0003\000.\0003\000.\0002\000.\0003\0007\000\040\000m\000o\000d\000i\000f\000y\000\137\000a\000u\000t\000o\000m\000a\000t\000e\000\050\000\051}{subsection.3.3.2}% 109
\BOOKMARK [3][-]{subsubsection.3.3.2.38}{\376\377\0003\000.\0003\000.\0002\000.\0003\0008\000\040\000m\000o\000t\000\137\000s\000a\000i\000s\000i\000\050\000\051}{subsection.3.3.2}% 110
\BOOKMARK [3][-]{subsubsection.3.3.2.39}{\376\377\0003\000.\0003\000.\0002\000.\0003\0009\000\040\000m\000o\000t\000\137\000s\000a\000i\000s\000i\000\137\000a\000v\000a\000n\000t\000\050\000\051}{subsection.3.3.2}% 111
\BOOKMARK [3][-]{subsubsection.3.3.2.40}{\376\377\0003\000.\0003\000.\0002\000.\0004\0000\000\040\000N\000e\000x\000t\000\137\000o\000n\000e\000\137\000s\000t\000a\000t\000e\000\137\000t\000o\000u\000c\000h\000\050\000\051}{subsection.3.3.2}% 112
\BOOKMARK [3][-]{subsubsection.3.3.2.41}{\376\377\0003\000.\0003\000.\0002\000.\0004\0001\000\040\000N\000e\000x\000t\000\137\000s\000t\000a\000t\000e\000s\000\137\000t\000o\000u\000c\000h\000\050\000\051}{subsection.3.3.2}% 113
\BOOKMARK [3][-]{subsubsection.3.3.2.42}{\376\377\0003\000.\0003\000.\0002\000.\0004\0002\000\040\000N\000e\000x\000t\000\137\000s\000t\000a\000t\000e\000s\000\137\000t\000o\000u\000c\000h\000\137\000n\000o\000t\000\137\000p\000r\000i\000n\000t\000\050\000\051}{subsection.3.3.2}% 114
\BOOKMARK [3][-]{subsubsection.3.3.2.43}{\376\377\0003\000.\0003\000.\0002\000.\0004\0003\000\040\000p\000r\000o\000d\000u\000c\000t\000e\000\137\000a\000\137\000b\000\050\000\051}{subsection.3.3.2}% 115
\BOOKMARK [3][-]{subsubsection.3.3.2.44}{\376\377\0003\000.\0003\000.\0002\000.\0004\0004\000\040\000r\000e\000c\000o\000n\000n\000u\000\137\000v\0002\000\050\000\051}{subsection.3.3.2}% 116
\BOOKMARK [3][-]{subsubsection.3.3.2.45}{\376\377\0003\000.\0003\000.\0002\000.\0004\0005\000\040\000r\000e\000m\000p\000l\000i\000r\000\137\000a\000u\000t\000o\000m\000a\000t\000e\000\050\000\051}{subsection.3.3.2}% 117
\BOOKMARK [3][-]{subsubsection.3.3.2.46}{\376\377\0003\000.\0003\000.\0002\000.\0004\0006\000\040\000r\000e\000n\000d\000r\000e\000\137\000c\000o\000m\000p\000l\000e\000t\000\050\000\051}{subsection.3.3.2}% 118
\BOOKMARK [3][-]{subsubsection.3.3.2.47}{\376\377\0003\000.\0003\000.\0002\000.\0004\0007\000\040\000r\000e\000n\000d\000r\000e\000\137\000d\000e\000t\000e\000r\000m\000i\000n\000i\000s\000t\000e\000\050\000\051}{subsection.3.3.2}% 119
\BOOKMARK [3][-]{subsubsection.3.3.2.48}{\376\377\0003\000.\0003\000.\0002\000.\0004\0008\000\040\000r\000e\000t\000o\000u\000r\000n\000e\000\137\000e\000t\000a\000t\000\137\000c\000o\000u\000a\000n\000t\000\050\000\051}{subsection.3.3.2}% 120
\BOOKMARK [3][-]{subsubsection.3.3.2.49}{\376\377\0003\000.\0003\000.\0002\000.\0004\0009\000\040\000s\000a\000v\000e\000\137\000a\000u\000t\000o\000m\000a\000t\000e\000\050\000\051}{subsection.3.3.2}% 121
\BOOKMARK [3][-]{subsubsection.3.3.2.50}{\376\377\0003\000.\0003\000.\0002\000.\0005\0000\000\040\000s\000e\000r\000i\000e\000\137\000t\000e\000s\000t\000\137\000r\000e\000c\000o\000n\000n\000a\000i\000s\000s\000a\000n\000c\000e\000\050\000\051}{subsection.3.3.2}% 122
\BOOKMARK [3][-]{subsubsection.3.3.2.51}{\376\377\0003\000.\0003\000.\0002\000.\0005\0001\000\040\000s\000t\000a\000r\000t\000\137\000w\000i\000t\000h\000\137\000t\000o\000w\000\050\000\051}{subsection.3.3.2}% 123
\BOOKMARK [3][-]{subsubsection.3.3.2.52}{\376\377\0003\000.\0003\000.\0002\000.\0005\0002\000\040\000T\000a\000b\000\137\000s\000t\000a\000t\000e\000s\000\137\000f\000r\000o\000m\000\137\000q\0000\000\050\000\051}{subsection.3.3.2}% 124
\BOOKMARK [3][-]{subsubsection.3.3.2.53}{\376\377\0003\000.\0003\000.\0002\000.\0005\0003\000\040\000T\000a\000b\000\137\000s\000t\000a\000t\000e\000s\000\137\000f\000r\000o\000m\000\137\000q\0000\000\137\000n\000o\000t\000\137\000p\000r\000i\000n\000t\000\050\000\051}{subsection.3.3.2}% 125
\BOOKMARK [3][-]{subsubsection.3.3.2.54}{\376\377\0003\000.\0003\000.\0002\000.\0005\0004\000\040\000T\000a\000b\000\137\000t\000r\000a\000n\000s\000i\000t\000i\000o\000n\000\137\000a\000u\000t\000o\000m\000a\000t\000e\000\050\000\051}{subsection.3.3.2}% 126
\BOOKMARK [3][-]{subsubsection.3.3.2.55}{\376\377\0003\000.\0003\000.\0002\000.\0005\0005\000\040\000T\000a\000b\000\137\000t\000r\000a\000n\000s\000i\000t\000i\000o\000n\000\137\000a\000u\000t\000o\000m\000a\000t\000e\000\137\000n\000o\000t\000\137\000p\000r\000i\000n\000t\000\050\000\051}{subsection.3.3.2}% 127
\BOOKMARK [3][-]{subsubsection.3.3.2.56}{\376\377\0003\000.\0003\000.\0002\000.\0005\0006\000\040\000t\000w\000o\000s\000\137\000s\000y\000m\000b\000o\000l\000\137\000a\000p\000p\000l\000y\000\050\000\051}{subsection.3.3.2}% 128
\BOOKMARK [3][-]{subsubsection.3.3.2.57}{\376\377\0003\000.\0003\000.\0002\000.\0005\0007\000\040\000u\000n\000i\000o\000n\000\137\000s\000t\000a\000t\000e\000s\000\137\000o\000f\000\137\000s\000a\000m\000e\000\137\000s\000y\000m\000b\000o\000l\000\050\000\051}{subsection.3.3.2}% 129
\BOOKMARK [3][-]{subsubsection.3.3.2.58}{\376\377\0003\000.\0003\000.\0002\000.\0005\0008\000\040\000u\000n\000i\000o\000n\000\137\000s\000t\000a\000t\000e\000s\000\137\000o\000f\000\137\000s\000a\000m\000e\000\137\000s\000y\000m\000b\000o\000l\000\137\000n\000o\000t\000\137\000p\000r\000i\000n\000t\000\050\000\051}{subsection.3.3.2}% 130
\BOOKMARK [1][-]{section.3.4}{\376\377\0003\000.\0004\000\040\000C\000o\000n\000t\000r\000i\000b\000u\000t\000i\000o\000n\000\040\000a\000u\000\040\000p\000r\000o\000j\000e\000t\000/\000s\000o\000u\000r\000c\000e\000s\000/\000A\000u\000t\000o\000m\000a\000t\000e\000.\000h\000\040\000F\000i\000l\000e\000\040\000R\000e\000f\000e\000r\000e\000n\000c\000e}{chapter.3}% 131
\BOOKMARK [1][-]{section.3.5}{\376\377\0003\000.\0005\000\040\000P\000r\000o\000j\000e\000t\000\137\000C\000/\000s\000o\000u\000r\000c\000e\000s\000/\000A\000u\000t\000o\000m\000a\000t\000e\000.\000h\000\040\000F\000i\000l\000e\000\040\000R\000e\000f\000e\000r\000e\000n\000c\000e}{chapter.3}% 132
\BOOKMARK [2][-]{subsection.3.5.1}{\376\377\0003\000.\0005\000.\0001\000\040\000D\000a\000t\000a\000\040\000S\000t\000r\000u\000c\000t\000u\000r\000e\000\040\000D\000o\000c\000u\000m\000e\000n\000t\000a\000t\000i\000o\000n}{section.3.5}% 133
\BOOKMARK [3][-]{subsubsection.3.5.1.1}{\376\377\0003\000.\0005\000.\0001\000.\0001\000\040\000s\000t\000r\000u\000c\000t\000\040\000a\000u\000t\000o\000m\000a\000t\000e}{subsection.3.5.1}% 134
\BOOKMARK [3][-]{subsubsection.3.5.1.2}{\376\377\0003\000.\0005\000.\0001\000.\0002\000\040\000s\000t\000r\000u\000c\000t\000\040\000t\000a\000b\000l\000e\000\137\000d\000e\000\137\000l\000e\000c\000t\000u\000r\000e\000\137\000a\000u\000t\000o\000m\000a\000t\000e}{subsection.3.5.1}% 135
\BOOKMARK [3][-]{subsubsection.3.5.1.3}{\376\377\0003\000.\0005\000.\0001\000.\0003\000\040\000s\000t\000r\000u\000c\000t\000\040\000m\000o\000t}{subsection.3.5.1}% 136
\BOOKMARK [2][-]{subsection.3.5.2}{\376\377\0003\000.\0005\000.\0002\000\040\000T\000y\000p\000e\000d\000e\000f\000\040\000D\000o\000c\000u\000m\000e\000n\000t\000a\000t\000i\000o\000n}{section.3.5}% 137
\BOOKMARK [3][-]{subsubsection.3.5.2.1}{\376\377\0003\000.\0005\000.\0002\000.\0001\000\040\000a\000u\000t\000o\000m\000a\000t\000e}{subsection.3.5.2}% 138
\BOOKMARK [3][-]{subsubsection.3.5.2.2}{\376\377\0003\000.\0005\000.\0002\000.\0002\000\040\000e\000t\000a\000t\000s\000\137\000l\000u\000s}{subsection.3.5.2}% 139
\BOOKMARK [3][-]{subsubsection.3.5.2.3}{\376\377\0003\000.\0005\000.\0002\000.\0003\000\040\000m\000o\000t}{subsection.3.5.2}% 140
\BOOKMARK [2][-]{subsection.3.5.3}{\376\377\0003\000.\0005\000.\0003\000\040\000F\000u\000n\000c\000t\000i\000o\000n\000\040\000D\000o\000c\000u\000m\000e\000n\000t\000a\000t\000i\000o\000n}{section.3.5}% 141
\BOOKMARK [3][-]{subsubsection.3.5.3.1}{\376\377\0003\000.\0005\000.\0003\000.\0001\000\040\000a\000d\000d\000\137\000s\000t\000a\000t\000e\000\137\000t\000o\000\137\000c\000o\000m\000p\000o\000s\000i\000t\000e\000\137\000t\000a\000b\000l\000e\000\050\000\051}{subsection.3.5.3}% 142
\BOOKMARK [3][-]{subsubsection.3.5.3.2}{\376\377\0003\000.\0005\000.\0003\000.\0002\000\040\000a\000d\000d\000\137\000s\000t\000a\000t\000e\000\137\000t\000o\000\137\000r\000e\000n\000a\000m\000e\000\137\000t\000a\000b\000l\000e\000\137\000s\000t\000a\000t\000e\000\050\000\051}{subsection.3.5.3}% 143
\BOOKMARK [3][-]{subsubsection.3.5.3.3}{\376\377\0003\000.\0005\000.\0003\000.\0003\000\040\000a\000f\000f\000i\000c\000h\000a\000g\000e\000\137\0001\000D\000\050\000\051}{subsection.3.5.3}% 144
\BOOKMARK [3][-]{subsubsection.3.5.3.4}{\376\377\0003\000.\0005\000.\0003\000.\0004\000\040\000a\000f\000f\000i\000c\000h\000a\000g\000e\000\137\0002\000D\000\050\000\051}{subsection.3.5.3}% 145
\BOOKMARK [3][-]{subsubsection.3.5.3.5}{\376\377\0003\000.\0005\000.\0003\000.\0005\000\040\000a\000f\000f\000i\000c\000h\000a\000g\000e\000\137\000a\000u\000t\000o\000m\000a\000t\000e\000\050\000\051}{subsection.3.5.3}% 146
\BOOKMARK [3][-]{subsubsection.3.5.3.6}{\376\377\0003\000.\0005\000.\0003\000.\0006\000\040\000a\000f\000f\000i\000c\000h\000a\000g\000e\000\137\000c\000a\000s\000e\000\137\000m\000a\000t\000\050\000\051}{subsection.3.5.3}% 147
\BOOKMARK [3][-]{subsubsection.3.5.3.7}{\376\377\0003\000.\0005\000.\0003\000.\0007\000\040\000a\000f\000f\000i\000c\000h\000a\000g\000e\000\137\000c\000a\000s\000e\000\137\000t\000a\000b\000\137\0001\000D\000\050\000\051}{subsection.3.5.3}% 148
\BOOKMARK [3][-]{subsubsection.3.5.3.8}{\376\377\0003\000.\0005\000.\0003\000.\0008\000\040\000a\000f\000f\000i\000c\000h\000a\000g\000e\000\137\000c\000a\000s\000e\000\137\000t\000a\000b\000\137\0002\000D\000\050\000\051}{subsection.3.5.3}% 149
\BOOKMARK [3][-]{subsubsection.3.5.3.9}{\376\377\0003\000.\0005\000.\0003\000.\0009\000\040\000a\000f\000f\000i\000c\000h\000a\000g\000e\000\137\000c\000o\000l\000\137\000m\000a\000t\000\050\000\051}{subsection.3.5.3}% 150
\BOOKMARK [3][-]{subsubsection.3.5.3.10}{\376\377\0003\000.\0005\000.\0003\000.\0001\0000\000\040\000a\000f\000f\000i\000c\000h\000a\000g\000e\000\137\000l\000i\000g\000n\000e\000\137\000m\000a\000t\000\050\000\051}{subsection.3.5.3}% 151
\BOOKMARK [3][-]{subsubsection.3.5.3.11}{\376\377\0003\000.\0005\000.\0003\000.\0001\0001\000\040\000a\000f\000f\000i\000c\000h\000a\000g\000e\000\137\000m\000o\000t\000\050\000\051}{subsection.3.5.3}% 152
\BOOKMARK [3][-]{subsubsection.3.5.3.12}{\376\377\0003\000.\0005\000.\0003\000.\0001\0002\000\040\000a\000l\000l\000o\000c\000a\000t\000i\000o\000n\000\137\000m\000a\000t\000\137\000v\000i\000d\000e\000\050\000\051}{subsection.3.5.3}% 153
\BOOKMARK [3][-]{subsubsection.3.5.3.13}{\376\377\0003\000.\0005\000.\0003\000.\0001\0003\000\040\000a\000l\000l\000o\000c\000a\000t\000i\000o\000n\000\137\000t\000a\000b\000\137\0001\000D\000\050\000\051}{subsection.3.5.3}% 154
\BOOKMARK [3][-]{subsubsection.3.5.3.14}{\376\377\0003\000.\0005\000.\0003\000.\0001\0004\000\040\000a\000l\000l\000o\000c\000a\000t\000i\000o\000n\000\137\000t\000a\000b\000\137\0002\000D\000\050\000\051}{subsection.3.5.3}% 155
\BOOKMARK [3][-]{subsubsection.3.5.3.15}{\376\377\0003\000.\0005\000.\0003\000.\0001\0005\000\040\000c\000a\000l\000c\000u\000l\000t\000e\000\137\000n\000u\000m\000b\000e\000r\000\137\000s\000t\000a\000t\000e\000s\000\137\000t\000o\000u\000c\000h\000\050\000\051}{subsection.3.5.3}% 156
\BOOKMARK [3][-]{subsubsection.3.5.3.16}{\376\377\0003\000.\0005\000.\0003\000.\0001\0006\000\040\000c\000o\000m\000p\000l\000e\000m\000e\000n\000t\000\137\000a\000u\000t\000o\000m\000a\000t\000e\000\050\000\051}{subsection.3.5.3}% 157
\BOOKMARK [3][-]{subsubsection.3.5.3.17}{\376\377\0003\000.\0005\000.\0003\000.\0001\0007\000\040\000c\000o\000n\000c\000a\000t\000\050\000\051}{subsection.3.5.3}% 158
\BOOKMARK [3][-]{subsubsection.3.5.3.18}{\376\377\0003\000.\0005\000.\0003\000.\0001\0008\000\040\000c\000o\000p\000i\000e\000\137\000a\000u\000t\000o\000m\000a\000t\000e\000\050\000\051}{subsection.3.5.3}% 159
\BOOKMARK [3][-]{subsubsection.3.5.3.19}{\376\377\0003\000.\0005\000.\0003\000.\0001\0009\000\040\000c\000o\000p\000y\000\137\000l\000i\000n\000e\000\137\000m\000a\000t\000\050\000\051}{subsection.3.5.3}% 160
\BOOKMARK [3][-]{subsubsection.3.5.3.20}{\376\377\0003\000.\0005\000.\0003\000.\0002\0000\000\040\000d\000e\000l\000\137\000a\000u\000t\000o\000m\000a\000t\000e\000\050\000\051}{subsection.3.5.3}% 161
\BOOKMARK [3][-]{subsubsection.3.5.3.21}{\376\377\0003\000.\0005\000.\0003\000.\0002\0001\000\040\000e\000c\000h\000a\000n\000g\000e\000\050\000\051}{subsection.3.5.3}% 162
\BOOKMARK [3][-]{subsubsection.3.5.3.22}{\376\377\0003\000.\0005\000.\0003\000.\0002\0002\000\040\000e\000s\000t\000\137\000c\000o\000m\000p\000l\000e\000t\000\050\000\051}{subsection.3.5.3}% 163
\BOOKMARK [3][-]{subsubsection.3.5.3.23}{\376\377\0003\000.\0005\000.\0003\000.\0002\0003\000\040\000e\000s\000t\000\137\000d\000e\000t\000e\000r\000m\000i\000n\000i\000s\000t\000e\000\050\000\051}{subsection.3.5.3}% 164
\BOOKMARK [3][-]{subsubsection.3.5.3.24}{\376\377\0003\000.\0005\000.\0003\000.\0002\0004\000\040\000e\000s\000t\000\137\000r\000e\000c\000o\000n\000n\000u\000\050\000\051}{subsection.3.5.3}% 165
\BOOKMARK [3][-]{subsubsection.3.5.3.25}{\376\377\0003\000.\0005\000.\0003\000.\0002\0005\000\040\000e\000s\000t\000\137\000u\000n\000\137\000e\000t\000a\000t\000\137\000f\000i\000n\000a\000l\000\050\000\051}{subsection.3.5.3}% 166
\BOOKMARK [3][-]{subsubsection.3.5.3.26}{\376\377\0003\000.\0005\000.\0003\000.\0002\0006\000\040\000e\000x\000i\000s\000t\000\137\000s\000t\000a\000t\000e\000\137\000i\000n\000\137\000t\000a\000b\000\137\000t\000r\000a\000n\000s\000i\000\050\000\051}{subsection.3.5.3}% 167
\BOOKMARK [3][-]{subsubsection.3.5.3.27}{\376\377\0003\000.\0005\000.\0003\000.\0002\0007\000\040\000f\000i\000n\000d\000\137\000n\000e\000x\000t\000\137\000s\000t\000a\000t\000e\000\050\000\051}{subsection.3.5.3}% 168
\BOOKMARK [3][-]{subsubsection.3.5.3.28}{\376\377\0003\000.\0005\000.\0003\000.\0002\0008\000\040\000g\000e\000n\000e\000r\000a\000t\000e\000\137\000a\000u\000t\000o\000m\000a\000t\000e\000\050\000\051}{subsection.3.5.3}% 169
\BOOKMARK [3][-]{subsubsection.3.5.3.29}{\376\377\0003\000.\0005\000.\0003\000.\0002\0009\000\040\000g\000e\000n\000e\000r\000a\000t\000e\000\137\000a\000u\000t\000o\000m\000a\000t\000e\000\137\000n\000u\000l\000l\000\050\000\051}{subsection.3.5.3}% 170
\BOOKMARK [3][-]{subsubsection.3.5.3.30}{\376\377\0003\000.\0005\000.\0003\000.\0003\0000\000\040\000g\000r\000o\000u\000p\000\137\000s\000t\000a\000t\000e\000s\000\137\000b\000y\000\137\000s\000a\000m\000e\000\137\000s\000y\000m\000b\000o\000l\000\050\000\051}{subsection.3.5.3}% 171
\BOOKMARK [3][-]{subsubsection.3.5.3.31}{\376\377\0003\000.\0005\000.\0003\000.\0003\0001\000\040\000g\000r\000o\000u\000p\000\137\000s\000t\000a\000t\000e\000s\000\137\000b\000y\000\137\000s\000a\000m\000e\000\137\000s\000y\000m\000b\000o\000l\000\137\000n\000o\000t\000\137\000p\000r\000i\000n\000t\000\050\000\051}{subsection.3.5.3}% 172
\BOOKMARK [3][-]{subsubsection.3.5.3.32}{\376\377\0003\000.\0005\000.\0003\000.\0003\0002\000\040\000i\000m\000p\000o\000r\000t\000\137\000a\000u\000t\000o\000m\000a\000e\000\050\000\051}{subsection.3.5.3}% 173
\BOOKMARK [3][-]{subsubsection.3.5.3.33}{\376\377\0003\000.\0005\000.\0003\000.\0003\0003\000\040\000l\000e\000c\000t\000u\000r\000e\000\137\000a\000u\000t\000o\000m\000a\000t\000e\000\137\000c\000o\000u\000r\000t\000\050\000\051}{subsection.3.5.3}% 174
\BOOKMARK [3][-]{subsubsection.3.5.3.34}{\376\377\0003\000.\0005\000.\0003\000.\0003\0004\000\040\000l\000e\000c\000t\000u\000r\000e\000\137\000a\000u\000t\000o\000m\000a\000t\000e\000\137\000l\000o\000n\000g\000\050\000\051}{subsection.3.5.3}% 175
\BOOKMARK [3][-]{subsubsection.3.5.3.35}{\376\377\0003\000.\0005\000.\0003\000.\0003\0005\000\040\000l\000e\000c\000t\000u\000r\000e\000\137\000e\000t\000a\000t\000s\000\137\000f\000i\000n\000a\000u\000x\000\050\000\051}{subsection.3.5.3}% 176
\BOOKMARK [3][-]{subsubsection.3.5.3.36}{\376\377\0003\000.\0005\000.\0003\000.\0003\0006\000\040\000l\000e\000c\000t\000u\000r\000e\000\137\000m\000o\000t\000\050\000\051}{subsection.3.5.3}% 177
\BOOKMARK [3][-]{subsubsection.3.5.3.37}{\376\377\0003\000.\0005\000.\0003\000.\0003\0007\000\040\000m\000o\000d\000i\000f\000y\000\137\000a\000u\000t\000o\000m\000a\000t\000e\000\050\000\051}{subsection.3.5.3}% 178
\BOOKMARK [3][-]{subsubsection.3.5.3.38}{\376\377\0003\000.\0005\000.\0003\000.\0003\0008\000\040\000N\000e\000x\000t\000\137\000o\000n\000e\000\137\000s\000t\000a\000t\000e\000\137\000t\000o\000u\000c\000h\000\050\000\051}{subsection.3.5.3}% 179
\BOOKMARK [3][-]{subsubsection.3.5.3.39}{\376\377\0003\000.\0005\000.\0003\000.\0003\0009\000\040\000N\000e\000x\000t\000\137\000s\000t\000a\000t\000e\000s\000\137\000t\000o\000u\000c\000h\000\050\000\051}{subsection.3.5.3}% 180
\BOOKMARK [3][-]{subsubsection.3.5.3.40}{\376\377\0003\000.\0005\000.\0003\000.\0004\0000\000\040\000N\000e\000x\000t\000\137\000s\000t\000a\000t\000e\000s\000\137\000t\000o\000u\000c\000h\000\137\000n\000o\000t\000\137\000p\000r\000i\000n\000t\000\050\000\051}{subsection.3.5.3}% 181
\BOOKMARK [3][-]{subsubsection.3.5.3.41}{\376\377\0003\000.\0005\000.\0003\000.\0004\0001\000\040\000p\000r\000o\000d\000u\000c\000t\000e\000\137\000a\000\137\000b\000\050\000\051}{subsection.3.5.3}% 182
\BOOKMARK [3][-]{subsubsection.3.5.3.42}{\376\377\0003\000.\0005\000.\0003\000.\0004\0002\000\040\000r\000e\000c\000o\000n\000n\000u\000\137\000v\0002\000\050\000\051}{subsection.3.5.3}% 183
\BOOKMARK [3][-]{subsubsection.3.5.3.43}{\376\377\0003\000.\0005\000.\0003\000.\0004\0003\000\040\000r\000e\000m\000p\000l\000i\000r\000\137\000a\000u\000t\000o\000m\000a\000t\000e\000\050\000\051}{subsection.3.5.3}% 184
\BOOKMARK [3][-]{subsubsection.3.5.3.44}{\376\377\0003\000.\0005\000.\0003\000.\0004\0004\000\040\000r\000e\000n\000d\000r\000e\000\137\000c\000o\000m\000p\000l\000e\000t\000\050\000\051}{subsection.3.5.3}% 185
\BOOKMARK [3][-]{subsubsection.3.5.3.45}{\376\377\0003\000.\0005\000.\0003\000.\0004\0005\000\040\000r\000e\000n\000d\000r\000e\000\137\000d\000e\000t\000e\000r\000m\000i\000n\000i\000s\000t\000e\000\050\000\051}{subsection.3.5.3}% 186
\BOOKMARK [3][-]{subsubsection.3.5.3.46}{\376\377\0003\000.\0005\000.\0003\000.\0004\0006\000\040\000r\000e\000t\000o\000u\000r\000n\000e\000\137\000e\000t\000a\000t\000\137\000c\000o\000u\000a\000n\000t\000\050\000\051}{subsection.3.5.3}% 187
\BOOKMARK [3][-]{subsubsection.3.5.3.47}{\376\377\0003\000.\0005\000.\0003\000.\0004\0007\000\040\000s\000a\000v\000e\000\137\000a\000u\000t\000o\000m\000a\000t\000e\000\050\000\051}{subsection.3.5.3}% 188
\BOOKMARK [3][-]{subsubsection.3.5.3.48}{\376\377\0003\000.\0005\000.\0003\000.\0004\0008\000\040\000s\000e\000r\000i\000e\000\137\000t\000e\000s\000t\000\137\000r\000e\000c\000o\000n\000n\000a\000i\000s\000s\000a\000n\000c\000e\000\050\000\051}{subsection.3.5.3}% 189
\BOOKMARK [3][-]{subsubsection.3.5.3.49}{\376\377\0003\000.\0005\000.\0003\000.\0004\0009\000\040\000s\000t\000a\000r\000t\000\137\000w\000i\000t\000h\000\137\000t\000o\000w\000\050\000\051}{subsection.3.5.3}% 190
\BOOKMARK [3][-]{subsubsection.3.5.3.50}{\376\377\0003\000.\0005\000.\0003\000.\0005\0000\000\040\000T\000a\000b\000\137\000s\000t\000a\000t\000e\000s\000\137\000f\000r\000o\000m\000\137\000q\0000\000\050\000\051}{subsection.3.5.3}% 191
\BOOKMARK [3][-]{subsubsection.3.5.3.51}{\376\377\0003\000.\0005\000.\0003\000.\0005\0001\000\040\000T\000a\000b\000\137\000s\000t\000a\000t\000e\000s\000\137\000f\000r\000o\000m\000\137\000q\0000\000\137\000n\000o\000t\000\137\000p\000r\000i\000n\000t\000\050\000\051}{subsection.3.5.3}% 192
\BOOKMARK [3][-]{subsubsection.3.5.3.52}{\376\377\0003\000.\0005\000.\0003\000.\0005\0002\000\040\000T\000a\000b\000\137\000t\000r\000a\000n\000s\000i\000t\000i\000o\000n\000\137\000a\000u\000t\000o\000m\000a\000t\000e\000\050\000\051}{subsection.3.5.3}% 193
\BOOKMARK [3][-]{subsubsection.3.5.3.53}{\376\377\0003\000.\0005\000.\0003\000.\0005\0003\000\040\000T\000a\000b\000\137\000t\000r\000a\000n\000s\000i\000t\000i\000o\000n\000\137\000a\000u\000t\000o\000m\000a\000t\000e\000\137\000n\000o\000t\000\137\000p\000r\000i\000n\000t\000\050\000\051}{subsection.3.5.3}% 194
\BOOKMARK [3][-]{subsubsection.3.5.3.54}{\376\377\0003\000.\0005\000.\0003\000.\0005\0004\000\040\000t\000w\000o\000s\000\137\000s\000y\000m\000b\000o\000l\000\137\000a\000p\000p\000l\000y\000\050\000\051}{subsection.3.5.3}% 195
\BOOKMARK [3][-]{subsubsection.3.5.3.55}{\376\377\0003\000.\0005\000.\0003\000.\0005\0005\000\040\000u\000n\000i\000o\000n\000\137\000s\000t\000a\000t\000e\000s\000\137\000o\000f\000\137\000s\000a\000m\000e\000\137\000s\000y\000m\000b\000o\000l\000\050\000\051}{subsection.3.5.3}% 196
\BOOKMARK [3][-]{subsubsection.3.5.3.56}{\376\377\0003\000.\0005\000.\0003\000.\0005\0006\000\040\000u\000n\000i\000o\000n\000\137\000s\000t\000a\000t\000e\000s\000\137\000o\000f\000\137\000s\000a\000m\000e\000\137\000s\000y\000m\000b\000o\000l\000\137\000n\000o\000t\000\137\000p\000r\000i\000n\000t\000\050\000\051}{subsection.3.5.3}% 197
\BOOKMARK [1][-]{section.3.6}{\376\377\0003\000.\0006\000\040\000s\000o\000u\000r\000c\000e\000s\000/\000A\000u\000t\000o\000m\000a\000t\000e\000.\000h\000\040\000F\000i\000l\000e\000\040\000R\000e\000f\000e\000r\000e\000n\000c\000e}{chapter.3}% 198
\BOOKMARK [2][-]{subsection.3.6.1}{\376\377\0003\000.\0006\000.\0001\000\040\000D\000e\000t\000a\000i\000l\000e\000d\000\040\000D\000e\000s\000c\000r\000i\000p\000t\000i\000o\000n}{section.3.6}% 199
\BOOKMARK [2][-]{subsection.3.6.2}{\376\377\0003\000.\0006\000.\0002\000\040\000D\000a\000t\000a\000\040\000S\000t\000r\000u\000c\000t\000u\000r\000e\000\040\000D\000o\000c\000u\000m\000e\000n\000t\000a\000t\000i\000o\000n}{section.3.6}% 200
\BOOKMARK [3][-]{subsubsection.3.6.2.1}{\376\377\0003\000.\0006\000.\0002\000.\0001\000\040\000s\000t\000r\000u\000c\000t\000\040\000a\000u\000t\000o\000m\000a\000t\000e}{subsection.3.6.2}% 201
\BOOKMARK [3][-]{subsubsection.3.6.2.2}{\376\377\0003\000.\0006\000.\0002\000.\0002\000\040\000s\000t\000r\000u\000c\000t\000\040\000t\000a\000b\000l\000e\000\137\000d\000e\000\137\000l\000e\000c\000t\000u\000r\000e\000\137\000a\000u\000t\000o\000m\000a\000t\000e}{subsection.3.6.2}% 202
\BOOKMARK [3][-]{subsubsection.3.6.2.3}{\376\377\0003\000.\0006\000.\0002\000.\0003\000\040\000s\000t\000r\000u\000c\000t\000\040\000m\000o\000t}{subsection.3.6.2}% 203
\BOOKMARK [2][-]{subsection.3.6.3}{\376\377\0003\000.\0006\000.\0003\000\040\000T\000y\000p\000e\000d\000e\000f\000\040\000D\000o\000c\000u\000m\000e\000n\000t\000a\000t\000i\000o\000n}{section.3.6}% 204
\BOOKMARK [3][-]{subsubsection.3.6.3.1}{\376\377\0003\000.\0006\000.\0003\000.\0001\000\040\000a\000u\000t\000o\000m\000a\000t\000e}{subsection.3.6.3}% 205
\BOOKMARK [3][-]{subsubsection.3.6.3.2}{\376\377\0003\000.\0006\000.\0003\000.\0002\000\040\000e\000t\000a\000t\000s\000\137\000l\000u\000s}{subsection.3.6.3}% 206
\BOOKMARK [3][-]{subsubsection.3.6.3.3}{\376\377\0003\000.\0006\000.\0003\000.\0003\000\040\000m\000o\000t}{subsection.3.6.3}% 207
\BOOKMARK [2][-]{subsection.3.6.4}{\376\377\0003\000.\0006\000.\0004\000\040\000F\000u\000n\000c\000t\000i\000o\000n\000\040\000D\000o\000c\000u\000m\000e\000n\000t\000a\000t\000i\000o\000n}{section.3.6}% 208
\BOOKMARK [3][-]{subsubsection.3.6.4.1}{\376\377\0003\000.\0006\000.\0004\000.\0001\000\040\000a\000d\000d\000\137\000s\000t\000a\000t\000e\000\137\000t\000o\000\137\000c\000o\000m\000p\000o\000s\000i\000t\000e\000\137\000t\000a\000b\000l\000e\000\050\000\051}{subsection.3.6.4}% 209
\BOOKMARK [3][-]{subsubsection.3.6.4.2}{\376\377\0003\000.\0006\000.\0004\000.\0002\000\040\000a\000d\000d\000\137\000s\000t\000a\000t\000e\000\137\000t\000o\000\137\000r\000e\000n\000a\000m\000e\000\137\000t\000a\000b\000l\000e\000\137\000s\000t\000a\000t\000e\000\050\000\051}{subsection.3.6.4}% 210
\BOOKMARK [3][-]{subsubsection.3.6.4.3}{\376\377\0003\000.\0006\000.\0004\000.\0003\000\040\000a\000f\000f\000i\000c\000h\000a\000g\000e\000\137\0001\000D\000\050\000\051}{subsection.3.6.4}% 211
\BOOKMARK [3][-]{subsubsection.3.6.4.4}{\376\377\0003\000.\0006\000.\0004\000.\0004\000\040\000a\000f\000f\000i\000c\000h\000a\000g\000e\000\137\0002\000D\000\050\000\051}{subsection.3.6.4}% 212
\BOOKMARK [3][-]{subsubsection.3.6.4.5}{\376\377\0003\000.\0006\000.\0004\000.\0005\000\040\000a\000f\000f\000i\000c\000h\000a\000g\000e\000\137\000a\000u\000t\000o\000m\000a\000t\000e\000\050\000\051}{subsection.3.6.4}% 213
\BOOKMARK [3][-]{subsubsection.3.6.4.6}{\376\377\0003\000.\0006\000.\0004\000.\0006\000\040\000a\000f\000f\000i\000c\000h\000a\000g\000e\000\137\000c\000a\000s\000e\000\137\000m\000a\000t\000\050\000\051}{subsection.3.6.4}% 214
\BOOKMARK [3][-]{subsubsection.3.6.4.7}{\376\377\0003\000.\0006\000.\0004\000.\0007\000\040\000a\000f\000f\000i\000c\000h\000a\000g\000e\000\137\000c\000a\000s\000e\000\137\000t\000a\000b\000\137\0001\000D\000\050\000\051}{subsection.3.6.4}% 215
\BOOKMARK [3][-]{subsubsection.3.6.4.8}{\376\377\0003\000.\0006\000.\0004\000.\0008\000\040\000a\000f\000f\000i\000c\000h\000a\000g\000e\000\137\000c\000a\000s\000e\000\137\000t\000a\000b\000\137\0002\000D\000\050\000\051}{subsection.3.6.4}% 216
\BOOKMARK [3][-]{subsubsection.3.6.4.9}{\376\377\0003\000.\0006\000.\0004\000.\0009\000\040\000a\000f\000f\000i\000c\000h\000a\000g\000e\000\137\000c\000o\000l\000\137\000m\000a\000t\000\050\000\051}{subsection.3.6.4}% 217
\BOOKMARK [3][-]{subsubsection.3.6.4.10}{\376\377\0003\000.\0006\000.\0004\000.\0001\0000\000\040\000a\000f\000f\000i\000c\000h\000a\000g\000e\000\137\000l\000i\000g\000n\000e\000\137\000m\000a\000t\000\050\000\051}{subsection.3.6.4}% 218
\BOOKMARK [3][-]{subsubsection.3.6.4.11}{\376\377\0003\000.\0006\000.\0004\000.\0001\0001\000\040\000a\000f\000f\000i\000c\000h\000a\000g\000e\000\137\000m\000o\000t\000\050\000\051}{subsection.3.6.4}% 219
\BOOKMARK [3][-]{subsubsection.3.6.4.12}{\376\377\0003\000.\0006\000.\0004\000.\0001\0002\000\040\000a\000l\000l\000o\000c\000a\000t\000i\000o\000n\000\137\000m\000a\000t\000\137\000v\000i\000d\000e\000\050\000\051}{subsection.3.6.4}% 220
\BOOKMARK [3][-]{subsubsection.3.6.4.13}{\376\377\0003\000.\0006\000.\0004\000.\0001\0003\000\040\000a\000l\000l\000o\000c\000a\000t\000i\000o\000n\000\137\000t\000a\000b\000\137\0001\000D\000\050\000\051}{subsection.3.6.4}% 221
\BOOKMARK [3][-]{subsubsection.3.6.4.14}{\376\377\0003\000.\0006\000.\0004\000.\0001\0004\000\040\000a\000l\000l\000o\000c\000a\000t\000i\000o\000n\000\137\000t\000a\000b\000\137\0002\000D\000\050\000\051}{subsection.3.6.4}% 222
\BOOKMARK [3][-]{subsubsection.3.6.4.15}{\376\377\0003\000.\0006\000.\0004\000.\0001\0005\000\040\000c\000a\000l\000c\000u\000l\000t\000e\000\137\000n\000u\000m\000b\000e\000r\000\137\000s\000t\000a\000t\000e\000s\000\137\000t\000o\000u\000c\000h\000\050\000\051}{subsection.3.6.4}% 223
\BOOKMARK [3][-]{subsubsection.3.6.4.16}{\376\377\0003\000.\0006\000.\0004\000.\0001\0006\000\040\000c\000o\000m\000p\000l\000e\000m\000e\000n\000t\000\137\000a\000u\000t\000o\000m\000a\000t\000e\000\050\000\051}{subsection.3.6.4}% 224
\BOOKMARK [3][-]{subsubsection.3.6.4.17}{\376\377\0003\000.\0006\000.\0004\000.\0001\0007\000\040\000c\000o\000n\000c\000a\000t\000\050\000\051}{subsection.3.6.4}% 225
\BOOKMARK [3][-]{subsubsection.3.6.4.18}{\376\377\0003\000.\0006\000.\0004\000.\0001\0008\000\040\000c\000o\000p\000i\000e\000\137\000a\000u\000t\000o\000m\000a\000t\000e\000\050\000\051}{subsection.3.6.4}% 226
\BOOKMARK [3][-]{subsubsection.3.6.4.19}{\376\377\0003\000.\0006\000.\0004\000.\0001\0009\000\040\000c\000o\000p\000y\000\137\000l\000i\000n\000e\000\137\000m\000a\000t\000\050\000\051}{subsection.3.6.4}% 227
\BOOKMARK [3][-]{subsubsection.3.6.4.20}{\376\377\0003\000.\0006\000.\0004\000.\0002\0000\000\040\000d\000e\000l\000\137\000a\000u\000t\000o\000m\000a\000t\000e\000\050\000\051}{subsection.3.6.4}% 228
\BOOKMARK [3][-]{subsubsection.3.6.4.21}{\376\377\0003\000.\0006\000.\0004\000.\0002\0001\000\040\000e\000c\000h\000a\000n\000g\000e\000\050\000\051}{subsection.3.6.4}% 229
\BOOKMARK [3][-]{subsubsection.3.6.4.22}{\376\377\0003\000.\0006\000.\0004\000.\0002\0002\000\040\000e\000s\000t\000\137\000c\000o\000m\000p\000l\000e\000t\000\050\000\051}{subsection.3.6.4}% 230
\BOOKMARK [3][-]{subsubsection.3.6.4.23}{\376\377\0003\000.\0006\000.\0004\000.\0002\0003\000\040\000e\000s\000t\000\137\000d\000e\000t\000e\000r\000m\000i\000n\000i\000s\000t\000e\000\050\000\051}{subsection.3.6.4}% 231
\BOOKMARK [3][-]{subsubsection.3.6.4.24}{\376\377\0003\000.\0006\000.\0004\000.\0002\0004\000\040\000e\000s\000t\000\137\000r\000e\000c\000o\000n\000n\000u\000\050\000\051}{subsection.3.6.4}% 232
\BOOKMARK [3][-]{subsubsection.3.6.4.25}{\376\377\0003\000.\0006\000.\0004\000.\0002\0005\000\040\000e\000s\000t\000\137\000u\000n\000\137\000e\000t\000a\000t\000\137\000f\000i\000n\000a\000l\000\050\000\051}{subsection.3.6.4}% 233
\BOOKMARK [3][-]{subsubsection.3.6.4.26}{\376\377\0003\000.\0006\000.\0004\000.\0002\0006\000\040\000e\000x\000i\000s\000t\000\137\000s\000t\000a\000t\000e\000\137\000i\000n\000\137\000t\000a\000b\000\137\000t\000r\000a\000n\000s\000i\000\050\000\051}{subsection.3.6.4}% 234
\BOOKMARK [3][-]{subsubsection.3.6.4.27}{\376\377\0003\000.\0006\000.\0004\000.\0002\0007\000\040\000f\000i\000n\000d\000\137\000n\000e\000x\000t\000\137\000s\000t\000a\000t\000e\000\050\000\051}{subsection.3.6.4}% 235
\BOOKMARK [3][-]{subsubsection.3.6.4.28}{\376\377\0003\000.\0006\000.\0004\000.\0002\0008\000\040\000g\000e\000n\000e\000r\000a\000t\000e\000\137\000a\000u\000t\000o\000m\000a\000t\000e\000\050\000\051}{subsection.3.6.4}% 236
\BOOKMARK [3][-]{subsubsection.3.6.4.29}{\376\377\0003\000.\0006\000.\0004\000.\0002\0009\000\040\000g\000e\000n\000e\000r\000a\000t\000e\000\137\000a\000u\000t\000o\000m\000a\000t\000e\000\137\000n\000u\000l\000l\000\050\000\051}{subsection.3.6.4}% 237
\BOOKMARK [3][-]{subsubsection.3.6.4.30}{\376\377\0003\000.\0006\000.\0004\000.\0003\0000\000\040\000g\000r\000o\000u\000p\000\137\000s\000t\000a\000t\000e\000s\000\137\000b\000y\000\137\000s\000a\000m\000e\000\137\000s\000y\000m\000b\000o\000l\000\050\000\051}{subsection.3.6.4}% 238
\BOOKMARK [3][-]{subsubsection.3.6.4.31}{\376\377\0003\000.\0006\000.\0004\000.\0003\0001\000\040\000g\000r\000o\000u\000p\000\137\000s\000t\000a\000t\000e\000s\000\137\000b\000y\000\137\000s\000a\000m\000e\000\137\000s\000y\000m\000b\000o\000l\000\137\000n\000o\000t\000\137\000p\000r\000i\000n\000t\000\050\000\051}{subsection.3.6.4}% 239
\BOOKMARK [3][-]{subsubsection.3.6.4.32}{\376\377\0003\000.\0006\000.\0004\000.\0003\0002\000\040\000i\000m\000p\000o\000r\000t\000\137\000a\000u\000t\000o\000m\000a\000e\000\050\000\051}{subsection.3.6.4}% 240
\BOOKMARK [3][-]{subsubsection.3.6.4.33}{\376\377\0003\000.\0006\000.\0004\000.\0003\0003\000\040\000l\000e\000c\000t\000u\000r\000e\000\137\000a\000u\000t\000o\000m\000a\000t\000e\000\137\000c\000o\000u\000r\000t\000\050\000\051}{subsection.3.6.4}% 241
\BOOKMARK [3][-]{subsubsection.3.6.4.34}{\376\377\0003\000.\0006\000.\0004\000.\0003\0004\000\040\000l\000e\000c\000t\000u\000r\000e\000\137\000a\000u\000t\000o\000m\000a\000t\000e\000\137\000l\000o\000n\000g\000\050\000\051}{subsection.3.6.4}% 242
\BOOKMARK [3][-]{subsubsection.3.6.4.35}{\376\377\0003\000.\0006\000.\0004\000.\0003\0005\000\040\000l\000e\000c\000t\000u\000r\000e\000\137\000e\000t\000a\000t\000s\000\137\000f\000i\000n\000a\000u\000x\000\050\000\051}{subsection.3.6.4}% 243
\BOOKMARK [3][-]{subsubsection.3.6.4.36}{\376\377\0003\000.\0006\000.\0004\000.\0003\0006\000\040\000l\000e\000c\000t\000u\000r\000e\000\137\000m\000o\000t\000\050\000\051}{subsection.3.6.4}% 244
\BOOKMARK [3][-]{subsubsection.3.6.4.37}{\376\377\0003\000.\0006\000.\0004\000.\0003\0007\000\040\000m\000o\000d\000i\000f\000y\000\137\000a\000u\000t\000o\000m\000a\000t\000e\000\050\000\051}{subsection.3.6.4}% 245
\BOOKMARK [3][-]{subsubsection.3.6.4.38}{\376\377\0003\000.\0006\000.\0004\000.\0003\0008\000\040\000N\000e\000x\000t\000\137\000o\000n\000e\000\137\000s\000t\000a\000t\000e\000\137\000t\000o\000u\000c\000h\000\050\000\051}{subsection.3.6.4}% 246
\BOOKMARK [3][-]{subsubsection.3.6.4.39}{\376\377\0003\000.\0006\000.\0004\000.\0003\0009\000\040\000N\000e\000x\000t\000\137\000s\000t\000a\000t\000e\000s\000\137\000t\000o\000u\000c\000h\000\050\000\051}{subsection.3.6.4}% 247
\BOOKMARK [3][-]{subsubsection.3.6.4.40}{\376\377\0003\000.\0006\000.\0004\000.\0004\0000\000\040\000N\000e\000x\000t\000\137\000s\000t\000a\000t\000e\000s\000\137\000t\000o\000u\000c\000h\000\137\000n\000o\000t\000\137\000p\000r\000i\000n\000t\000\050\000\051}{subsection.3.6.4}% 248
\BOOKMARK [3][-]{subsubsection.3.6.4.41}{\376\377\0003\000.\0006\000.\0004\000.\0004\0001\000\040\000p\000r\000o\000d\000u\000c\000t\000e\000\137\000a\000\137\000b\000\050\000\051}{subsection.3.6.4}% 249
\BOOKMARK [3][-]{subsubsection.3.6.4.42}{\376\377\0003\000.\0006\000.\0004\000.\0004\0002\000\040\000r\000e\000c\000o\000n\000n\000u\000\137\000v\0002\000\050\000\051}{subsection.3.6.4}% 250
\BOOKMARK [3][-]{subsubsection.3.6.4.43}{\376\377\0003\000.\0006\000.\0004\000.\0004\0003\000\040\000r\000e\000m\000p\000l\000i\000r\000\137\000a\000u\000t\000o\000m\000a\000t\000e\000\050\000\051}{subsection.3.6.4}% 251
\BOOKMARK [3][-]{subsubsection.3.6.4.44}{\376\377\0003\000.\0006\000.\0004\000.\0004\0004\000\040\000r\000e\000n\000d\000r\000e\000\137\000c\000o\000m\000p\000l\000e\000t\000\050\000\051}{subsection.3.6.4}% 252
\BOOKMARK [3][-]{subsubsection.3.6.4.45}{\376\377\0003\000.\0006\000.\0004\000.\0004\0005\000\040\000r\000e\000n\000d\000r\000e\000\137\000d\000e\000t\000e\000r\000m\000i\000n\000i\000s\000t\000e\000\050\000\051}{subsection.3.6.4}% 253
\BOOKMARK [3][-]{subsubsection.3.6.4.46}{\376\377\0003\000.\0006\000.\0004\000.\0004\0006\000\040\000r\000e\000t\000o\000u\000r\000n\000e\000\137\000e\000t\000a\000t\000\137\000c\000o\000u\000a\000n\000t\000\050\000\051}{subsection.3.6.4}% 254
\BOOKMARK [3][-]{subsubsection.3.6.4.47}{\376\377\0003\000.\0006\000.\0004\000.\0004\0007\000\040\000s\000a\000v\000e\000\137\000a\000u\000t\000o\000m\000a\000t\000e\000\050\000\051}{subsection.3.6.4}% 255
\BOOKMARK [3][-]{subsubsection.3.6.4.48}{\376\377\0003\000.\0006\000.\0004\000.\0004\0008\000\040\000s\000e\000r\000i\000e\000\137\000t\000e\000s\000t\000\137\000r\000e\000c\000o\000n\000n\000a\000i\000s\000s\000a\000n\000c\000e\000\050\000\051}{subsection.3.6.4}% 256
\BOOKMARK [3][-]{subsubsection.3.6.4.49}{\376\377\0003\000.\0006\000.\0004\000.\0004\0009\000\040\000s\000t\000a\000r\000t\000\137\000w\000i\000t\000h\000\137\000t\000o\000w\000\050\000\051}{subsection.3.6.4}% 257
\BOOKMARK [3][-]{subsubsection.3.6.4.50}{\376\377\0003\000.\0006\000.\0004\000.\0005\0000\000\040\000T\000a\000b\000\137\000s\000t\000a\000t\000e\000s\000\137\000f\000r\000o\000m\000\137\000q\0000\000\050\000\051}{subsection.3.6.4}% 258
\BOOKMARK [3][-]{subsubsection.3.6.4.51}{\376\377\0003\000.\0006\000.\0004\000.\0005\0001\000\040\000T\000a\000b\000\137\000s\000t\000a\000t\000e\000s\000\137\000f\000r\000o\000m\000\137\000q\0000\000\137\000n\000o\000t\000\137\000p\000r\000i\000n\000t\000\050\000\051}{subsection.3.6.4}% 259
\BOOKMARK [3][-]{subsubsection.3.6.4.52}{\376\377\0003\000.\0006\000.\0004\000.\0005\0002\000\040\000T\000a\000b\000\137\000t\000r\000a\000n\000s\000i\000t\000i\000o\000n\000\137\000a\000u\000t\000o\000m\000a\000t\000e\000\050\000\051}{subsection.3.6.4}% 260
\BOOKMARK [3][-]{subsubsection.3.6.4.53}{\376\377\0003\000.\0006\000.\0004\000.\0005\0003\000\040\000T\000a\000b\000\137\000t\000r\000a\000n\000s\000i\000t\000i\000o\000n\000\137\000a\000u\000t\000o\000m\000a\000t\000e\000\137\000n\000o\000t\000\137\000p\000r\000i\000n\000t\000\050\000\051}{subsection.3.6.4}% 261
\BOOKMARK [3][-]{subsubsection.3.6.4.54}{\376\377\0003\000.\0006\000.\0004\000.\0005\0004\000\040\000t\000w\000o\000s\000\137\000s\000y\000m\000b\000o\000l\000\137\000a\000p\000p\000l\000y\000\050\000\051}{subsection.3.6.4}% 262
\BOOKMARK [3][-]{subsubsection.3.6.4.55}{\376\377\0003\000.\0006\000.\0004\000.\0005\0005\000\040\000u\000n\000i\000o\000n\000\137\000s\000t\000a\000t\000e\000s\000\137\000o\000f\000\137\000s\000a\000m\000e\000\137\000s\000y\000m\000b\000o\000l\000\050\000\051}{subsection.3.6.4}% 263
\BOOKMARK [3][-]{subsubsection.3.6.4.56}{\376\377\0003\000.\0006\000.\0004\000.\0005\0006\000\040\000u\000n\000i\000o\000n\000\137\000s\000t\000a\000t\000e\000s\000\137\000o\000f\000\137\000s\000a\000m\000e\000\137\000s\000y\000m\000b\000o\000l\000\137\000n\000o\000t\000\137\000p\000r\000i\000n\000t\000\050\000\051}{subsection.3.6.4}% 264
\BOOKMARK [1][-]{section.3.7}{\376\377\0003\000.\0007\000\040\000P\000r\000o\000j\000e\000t\000\137\000C\000/\000s\000o\000u\000r\000c\000e\000s\000/\000m\000a\000i\000n\000.\000c\000\040\000F\000i\000l\000e\000\040\000R\000e\000f\000e\000r\000e\000n\000c\000e}{chapter.3}% 265
\BOOKMARK [2][-]{subsection.3.7.1}{\376\377\0003\000.\0007\000.\0001\000\040\000F\000u\000n\000c\000t\000i\000o\000n\000\040\000D\000o\000c\000u\000m\000e\000n\000t\000a\000t\000i\000o\000n}{section.3.7}% 266
\BOOKMARK [3][-]{subsubsection.3.7.1.1}{\376\377\0003\000.\0007\000.\0001\000.\0001\000\040\000m\000a\000i\000n\000\050\000\051}{subsection.3.7.1}% 267
\BOOKMARK [1][-]{section.3.8}{\376\377\0003\000.\0008\000\040\000s\000o\000u\000r\000c\000e\000s\000/\000m\000a\000i\000n\000.\000c\000\040\000F\000i\000l\000e\000\040\000R\000e\000f\000e\000r\000e\000n\000c\000e}{chapter.3}% 268
\BOOKMARK [2][-]{subsection.3.8.1}{\376\377\0003\000.\0008\000.\0001\000\040\000F\000u\000n\000c\000t\000i\000o\000n\000\040\000D\000o\000c\000u\000m\000e\000n\000t\000a\000t\000i\000o\000n}{section.3.8}% 269
\BOOKMARK [3][-]{subsubsection.3.8.1.1}{\376\377\0003\000.\0008\000.\0001\000.\0001\000\040\000m\000a\000i\000n\000\050\000\051}{subsection.3.8.1}% 270
\BOOKMARK [1][-]{section.3.9}{\376\377\0003\000.\0009\000\040\000R\000E\000A\000D\000M\000E\000.\000m\000d\000\040\000F\000i\000l\000e\000\040\000R\000e\000f\000e\000r\000e\000n\000c\000e}{chapter.3}% 271
\BOOKMARK [0][-]{section*.12}{\376\377\000I\000n\000d\000e\000x}{}% 272
