This is pdfTeX, Version 3.141592653-2.6-1.40.22 (TeX Live 2022/dev/Debian) (preloaded format=pdflatex 2023.6.2)  11 JAN 2024 12:34
entering extended mode
 restricted \write18 enabled.
 %&-line parsing enabled.
**refman
(./refman.tex
LaTeX2e <2021-11-15> patch level 1
L3 programming layer <2022-01-21>
(/usr/share/texlive/texmf-dist/tex/latex/base/book.cls
Document Class: book 2021/10/04 v1.4n Standard LaTeX document class
(/usr/share/texlive/texmf-dist/tex/latex/base/bk10.clo
File: bk10.clo 2021/10/04 v1.4n Standard LaTeX file (size option)
)
\c@part=\count185
\c@chapter=\count186
\c@section=\count187
\c@subsection=\count188
\c@subsubsection=\count189
\c@paragraph=\count190
\c@subparagraph=\count191
\c@figure=\count192
\c@table=\count193
\abovecaptionskip=\skip47
\belowcaptionskip=\skip48
\bibindent=\dimen138
)
(/usr/share/texlive/texmf-dist/tex/latex/base/ifthen.sty
Package: ifthen 2020/11/24 v1.1c Standard LaTeX ifthen package (DPC)
)
(/usr/share/texlive/texmf-dist/tex/latex/tools/array.sty
Rollback for package 'array' requested -> date 2016-10-06.
         Best approximation is the release introduced on 2016-10-06.

(/usr/share/texlive/texmf-dist/tex/latex/tools/array-2016-10-06.sty
Package: array 2016/10/06 v2.4d Tabular extension package (FMi)
\col@sep=\dimen139
\extrarowheight=\dimen140
\NC@list=\toks16
\extratabsurround=\skip49
\backup@length=\skip50
))
(/usr/share/texlive/texmf-dist/tex/latex/base/fixltx2e.sty
Package: fixltx2e 2016/12/29 v2.1a fixes to LaTeX (obsolete)
Applying: [2015/01/01] Old fixltx2e package on input line 46.


Package fixltx2e Warning: fixltx2e is not required with releases after 2015
(fixltx2e)                All fixes are now in the LaTeX kernel.
(fixltx2e)                See the latexrelease package for details.

Already applied: [0000/00/00] Old fixltx2e package on input line 53.
) (./doxygen.sty
Package: doxygen 
 (/usr/share/texlive/texmf-dist/tex/latex/base/alltt.sty
Package: alltt 2021/01/29 v2.0g defines alltt environment
)
(/usr/share/texlive/texmf-dist/tex/latex/tools/calc.sty
Package: calc 2017/05/25 v4.3 Infix arithmetic (KKT,FJ)
\calc@Acount=\count194
\calc@Bcount=\count195
\calc@Adimen=\dimen141
\calc@Bdimen=\dimen142
\calc@Askip=\skip51
\calc@Bskip=\skip52
LaTeX Info: Redefining \setlength on input line 80.
LaTeX Info: Redefining \addtolength on input line 81.
\calc@Ccount=\count196
\calc@Cskip=\skip53
)
(/usr/share/texlive/texmf-dist/tex/latex/float/float.sty
Package: float 2001/11/08 v1.3d Float enhancements (AL)
\c@float@type=\count197
\float@exts=\toks17
\float@box=\box50
\@float@everytoks=\toks18
\@floatcapt=\box51
)
(/usr/share/texlive/texmf-dist/tex/latex/tools/verbatim.sty
Package: verbatim 2020-07-07 v1.5u LaTeX2e package for verbatim enhancements
\every@verbatim=\toks19
\verbatim@line=\toks20
\verbatim@in@stream=\read2
)
(/usr/share/texlive/texmf-dist/tex/latex/xcolor/xcolor.sty
Package: xcolor 2021/10/31 v2.13 LaTeX color extensions (UK)

(/usr/share/texlive/texmf-dist/tex/latex/graphics-cfg/color.cfg
File: color.cfg 2016/01/02 v1.6 sample color configuration
)
Package xcolor Info: Driver file: pdftex.def on input line 227.

(/usr/share/texlive/texmf-dist/tex/latex/graphics-def/pdftex.def
File: pdftex.def 2020/10/05 v1.2a Graphics/color driver for pdftex
)
(/usr/share/texlive/texmf-dist/tex/latex/colortbl/colortbl.sty
Package: colortbl 2020/01/04 v1.0e Color table columns (DPC)
\everycr=\toks21
\minrowclearance=\skip54
)
\rownum=\count198
Package xcolor Info: Model `cmy' substituted by `cmy0' on input line 1352.
Package xcolor Info: Model `hsb' substituted by `rgb' on input line 1356.
Package xcolor Info: Model `RGB' extended on input line 1368.
Package xcolor Info: Model `HTML' substituted by `rgb' on input line 1370.
Package xcolor Info: Model `Hsb' substituted by `hsb' on input line 1371.
Package xcolor Info: Model `tHsb' substituted by `hsb' on input line 1372.
Package xcolor Info: Model `HSB' substituted by `hsb' on input line 1373.
Package xcolor Info: Model `Gray' substituted by `gray' on input line 1374.
Package xcolor Info: Model `wave' substituted by `hsb' on input line 1375.
)
(./longtable_doxygen.sty
Package: longtable_doxygen 2014/10/28 v4.11 Multi-page Table package (DPC) - fr
ozen version for doxygen
\LTleft=\skip55
\LTright=\skip56
\LTpre=\skip57
\LTpost=\skip58
\LTchunksize=\count199
\LTcapwidth=\dimen143
\LT@head=\box52
\LT@firsthead=\box53
\LT@foot=\box54
\LT@lastfoot=\box55
\LT@cols=\count266
\LT@rows=\count267
\c@LT@tables=\count268
\c@LT@chunks=\count269
\LT@p@ftn=\toks22
) (./tabu_doxygen.sty
Package: tabu_doxygen 2011/02/26 v2.8 - flexible LaTeX tabulars (FC), frozen ve
rsion for doxygen

(/usr/share/texlive/texmf-dist/tex/latex/varwidth/varwidth.sty
Package: varwidth 2009/03/30 ver 0.92;  Variable-width minipages
\@vwid@box=\box56
\sift@deathcycles=\count270
\@vwid@loff=\dimen144
\@vwid@roff=\dimen145
)
\c@taburow=\count271
\tabu@nbcols=\count272
\tabu@cnt=\count273
\tabu@Xcol=\count274
\tabu@alloc=\count275
\tabu@nested=\count276
\tabu@target=\dimen146
\tabu@spreadtarget=\dimen147
\tabu@naturalX=\dimen148
\tabucolX=\dimen149
\tabu@Xsum=\dimen150
\extrarowdepth=\dimen151
\abovetabulinesep=\dimen152
\belowtabulinesep=\dimen153
\tabustrutrule=\dimen154
\tabu@thebody=\toks23
\tabu@footnotes=\toks24
\tabu@box=\box57
\tabu@arstrutbox=\box58
\tabu@hleads=\box59
\tabu@vleads=\box60
\tabu@cellskip=\skip59
)
(/usr/share/texlive/texmf-dist/tex/latex/fancyvrb/fancyvrb.sty
Package: fancyvrb 2021/12/21 4.1b verbatim text (tvz,hv)

(/usr/share/texlive/texmf-dist/tex/latex/graphics/keyval.sty
Package: keyval 2014/10/28 v1.15 key=value parser (DPC)
\KV@toks@=\toks25
)
\FV@CodeLineNo=\count277
\FV@InFile=\read3
\FV@TabBox=\box61
\c@FancyVerbLine=\count278
\FV@StepNumber=\count279
\FV@OutFile=\write3
)
(/usr/share/texlive/texmf-dist/tex/latex/tools/tabularx.sty
Package: tabularx 2020/01/15 v2.11c `tabularx' package (DPC)
\TX@col@width=\dimen155
\TX@old@table=\dimen156
\TX@old@col=\dimen157
\TX@target=\dimen158
\TX@delta=\dimen159
\TX@cols=\count280
\TX@ftn=\toks26
)
(/usr/share/texlive/texmf-dist/tex/latex/tools/multicol.sty
Package: multicol 2021/10/28 v1.9b multicolumn formatting (FMi)
\c@tracingmulticols=\count281
\mult@box=\box62
\multicol@leftmargin=\dimen160
\c@unbalance=\count282
\c@collectmore=\count283
\doublecol@number=\count284
\multicoltolerance=\count285
\multicolpretolerance=\count286
\full@width=\dimen161
\page@free=\dimen162
\premulticols=\dimen163
\postmulticols=\dimen164
\multicolsep=\skip60
\multicolbaselineskip=\skip61
\partial@page=\box63
\last@line=\box64
\maxbalancingoverflow=\dimen165
\mult@rightbox=\box65
\mult@grightbox=\box66
\mult@firstbox=\box67
\mult@gfirstbox=\box68
\@tempa=\box69
\@tempa=\box70
\@tempa=\box71
\@tempa=\box72
\@tempa=\box73
\@tempa=\box74
\@tempa=\box75
\@tempa=\box76
\@tempa=\box77
\@tempa=\box78
\@tempa=\box79
\@tempa=\box80
\@tempa=\box81
\@tempa=\box82
\@tempa=\box83
\@tempa=\box84
\@tempa=\box85
\@tempa=\box86
\@tempa=\box87
\@tempa=\box88
\@tempa=\box89
\@tempa=\box90
\@tempa=\box91
\@tempa=\box92
\@tempa=\box93
\@tempa=\box94
\@tempa=\box95
\@tempa=\box96
\@tempa=\box97
\@tempa=\box98
\@tempa=\box99
\@tempa=\box100
\@tempa=\box101
\@tempa=\box102
\@tempa=\box103
\@tempa=\box104
\c@minrows=\count287
\c@columnbadness=\count288
\c@finalcolumnbadness=\count289
\last@try=\dimen166
\multicolovershoot=\dimen167
\multicolundershoot=\dimen168
\mult@nat@firstbox=\box105
\colbreak@box=\box106
\mc@col@check@num=\count290
)
(/usr/share/texlive/texmf-dist/tex/latex/multirow/multirow.sty
Package: multirow 2021/03/15 v2.8 Span multiple rows of a table
\multirow@colwidth=\skip62
\multirow@cntb=\count291
\multirow@dima=\skip63
\bigstrutjot=\dimen169
)
(/usr/share/texlive/texmf-dist/tex/latex/hanging/hanging.sty
Package: hanging 2009/09/02 v1.2b hanging paragraphs and punctuation
\h@ngcommawd=\skip64
\h@ngfstopwd=\skip65
\h@ngquotewd=\skip66
\h@ngdquotewd=\skip67
\h@ngquerywd=\skip68
\h@ngexclwd=\skip69
\h@ngcolonwd=\skip70
\h@ngscolonwd=\skip71
)
(/usr/share/texlive/texmf-dist/tex/generic/iftex/ifpdf.sty
Package: ifpdf 2019/10/25 v3.4 ifpdf legacy package. Use iftex instead.

(/usr/share/texlive/texmf-dist/tex/generic/iftex/iftex.sty
Package: iftex 2020/03/06 v1.0d TeX engine tests
))
(/usr/share/texlive/texmf-dist/tex/latex/adjustbox/adjustbox.sty
Package: adjustbox 2020/08/19 v1.3 Adjusting TeX boxes (trim, clip, ...)

(/usr/share/texlive/texmf-dist/tex/latex/xkeyval/xkeyval.sty
Package: xkeyval 2020/11/20 v2.8 package option processing (HA)

(/usr/share/texlive/texmf-dist/tex/generic/xkeyval/xkeyval.tex
(/usr/share/texlive/texmf-dist/tex/generic/xkeyval/xkvutils.tex
\XKV@toks=\toks27
\XKV@tempa@toks=\toks28
)
\XKV@depth=\count292
File: xkeyval.tex 2014/12/03 v2.7a key=value parser (HA)
))
(/usr/share/texlive/texmf-dist/tex/latex/adjustbox/adjcalc.sty
Package: adjcalc 2012/05/16 v1.1 Provides advanced setlength with multiple back
-ends (calc, etex, pgfmath)
)
(/usr/share/texlive/texmf-dist/tex/latex/adjustbox/trimclip.sty
Package: trimclip 2020/08/19 v1.2 Trim and clip general TeX material

(/usr/share/texlive/texmf-dist/tex/latex/graphics/graphicx.sty
Package: graphicx 2021/09/16 v1.2d Enhanced LaTeX Graphics (DPC,SPQR)

(/usr/share/texlive/texmf-dist/tex/latex/graphics/graphics.sty
Package: graphics 2021/03/04 v1.4d Standard LaTeX Graphics (DPC,SPQR)

(/usr/share/texlive/texmf-dist/tex/latex/graphics/trig.sty
Package: trig 2021/08/11 v1.11 sin cos tan (DPC)
)
(/usr/share/texlive/texmf-dist/tex/latex/graphics-cfg/graphics.cfg
File: graphics.cfg 2016/06/04 v1.11 sample graphics configuration
)
Package graphics Info: Driver file: pdftex.def on input line 107.
)
\Gin@req@height=\dimen170
\Gin@req@width=\dimen171
)
(/usr/share/texlive/texmf-dist/tex/latex/collectbox/collectbox.sty
Package: collectbox 2012/05/17 v0.4b Collect macro arguments as boxes
\collectedbox=\box107
)
\tc@llx=\dimen172
\tc@lly=\dimen173
\tc@urx=\dimen174
\tc@ury=\dimen175
Package trimclip Info: Using driver 'tc-pdftex.def'.

(/usr/share/texlive/texmf-dist/tex/latex/adjustbox/tc-pdftex.def
File: tc-pdftex.def 2019/01/04 v2.2 Clipping driver for pdftex
))
\adjbox@Width=\dimen176
\adjbox@Height=\dimen177
\adjbox@Depth=\dimen178
\adjbox@Totalheight=\dimen179
\adjbox@pwidth=\dimen180
\adjbox@pheight=\dimen181
\adjbox@pdepth=\dimen182
\adjbox@ptotalheight=\dimen183

(/usr/share/texlive/texmf-dist/tex/latex/ifoddpage/ifoddpage.sty
Package: ifoddpage 2016/04/23 v1.1 Conditionals for odd/even page detection
\c@checkoddpage=\count293
))
(/usr/share/texlive/texmf-dist/tex/latex/amsfonts/amssymb.sty
Package: amssymb 2013/01/14 v3.01 AMS font symbols

(/usr/share/texlive/texmf-dist/tex/latex/amsfonts/amsfonts.sty
Package: amsfonts 2013/01/14 v3.01 Basic AMSFonts support
\@emptytoks=\toks29
\symAMSa=\mathgroup4
\symAMSb=\mathgroup5
LaTeX Font Info:    Redeclaring math symbol \hbar on input line 98.
LaTeX Font Info:    Overwriting math alphabet `\mathfrak' in version `bold'
(Font)                  U/euf/m/n --> U/euf/b/n on input line 106.
))
(/usr/share/texlive/texmf-dist/tex/latex/stackengine/stackengine.sty
Package: stackengine 2021/07/22 v4.11\ Stacking text and objects in convenient 
ways

(/usr/share/texlive/texmf-dist/tex/latex/etoolbox/etoolbox.sty
Package: etoolbox 2020/10/05 v2.5k e-TeX tools for LaTeX (JAW)
\etb@tempcnta=\count294
)
(/usr/share/texlive/texmf-dist/tex/generic/listofitems/listofitems.sty
(/usr/share/texlive/texmf-dist/tex/generic/listofitems/listofitems.tex
\loi_cnt_foreach_nest=\count295
\loi_nestcnt=\count296
)
Package: listofitems 2019/08/21 v1.63 Grab items in lists using user-specified 
sep char (CT)
)
\c@@stackindex=\count297
\@boxshift=\skip72
\stack@tmplength=\skip73
\temp@stkl=\skip74
\@stackedboxwidth=\skip75
\@addedbox=\box108
\@anchorbox=\box109
\@insetbox=\box110
\se@backgroundbox=\box111
\stackedbox=\box112
\@centerbox=\box113
\c@ROWcellindex@=\count298
)
(/usr/share/texlive/texmf-dist/tex/generic/ulem/ulem.sty
\UL@box=\box114
\UL@hyphenbox=\box115
\UL@skip=\skip76
\UL@hook=\toks30
\UL@height=\dimen184
\UL@pe=\count299
\UL@pixel=\dimen185
\ULC@box=\box116
Package: ulem 2019/11/18
\ULdepth=\dimen186
)
\xrefbox=\box117
\xreflength=\skip77
\CodeWidthChar=\skip78
\CodeHeightChar=\skip79
\DoxyCodeWidth=\skip80
)
(/usr/share/texlive/texmf-dist/tex/latex/base/inputenc.sty
Package: inputenc 2021/02/14 v1.3d Input encoding file
\inpenc@prehook=\toks31
\inpenc@posthook=\toks32
)
(/usr/share/texlive/texmf-dist/tex/latex/base/makeidx.sty
Package: makeidx 2021/10/04 v1.0m Standard LaTeX package
)
(/usr/share/texlive/texmf-dist/tex/latex/base/textcomp.sty
Package: textcomp 2020/02/02 v2.0n Standard LaTeX package
)
(/usr/share/texlive/texmf-dist/tex/latex/wasysym/wasysym.sty
Package: wasysym 2020/01/19 v2.4 Wasy-2 symbol support package
\symwasy=\mathgroup6
LaTeX Font Info:    Overwriting symbol font `wasy' in version `bold'
(Font)                  U/wasy/m/n --> U/wasy/b/n on input line 93.
)
(/usr/share/texlive/texmf-dist/tex/generic/iftex/ifxetex.sty
Package: ifxetex 2019/10/25 v0.7 ifxetex legacy package. Use iftex instead.
)
(/usr/share/texlive/texmf-dist/tex/latex/base/fontenc.sty
Package: fontenc 2021/04/29 v2.0v Standard LaTeX package
)
(/usr/share/texlive/texmf-dist/tex/latex/psnfss/helvet.sty
Package: helvet 2020/03/25 PSNFSS-v9.3 (WaS) 
)
(/usr/share/texlive/texmf-dist/tex/latex/psnfss/courier.sty
Package: courier 2020/03/25 PSNFSS-v9.3 (WaS) 
)
(/usr/share/texlive/texmf-dist/tex/latex/sectsty/sectsty.sty
Package: sectsty 2002/02/25 v2.0.2 Commands to change all sectional heading sty
les


LaTeX Warning: Command \underbar  has changed.
               Check if current package is valid.


LaTeX Warning: Command \underline  has changed.
               Check if current package is valid.

) (/usr/share/texlive/texmf-dist/tex/latex/geometry/geometry.sty
Package: geometry 2020/01/02 v5.9 Page Geometry

(/usr/share/texlive/texmf-dist/tex/generic/iftex/ifvtex.sty
Package: ifvtex 2019/10/25 v1.7 ifvtex legacy package. Use iftex instead.
)
\Gm@cnth=\count300
\Gm@cntv=\count301
\c@Gm@tempcnt=\count302
\Gm@bindingoffset=\dimen187
\Gm@wd@mp=\dimen188
\Gm@odd@mp=\dimen189
\Gm@even@mp=\dimen190
\Gm@layoutwidth=\dimen191
\Gm@layoutheight=\dimen192
\Gm@layouthoffset=\dimen193
\Gm@layoutvoffset=\dimen194
\Gm@dimlist=\toks33
)
(/usr/share/texlive/texmf-dist/tex/latex/fancyhdr/fancyhdr.sty
Package: fancyhdr 2021/01/28 v4.0.1 Extensive control of page headers and foote
rs
\f@nch@headwidth=\skip81
\f@nch@O@elh=\skip82
\f@nch@O@erh=\skip83
\f@nch@O@olh=\skip84
\f@nch@O@orh=\skip85
\f@nch@O@elf=\skip86
\f@nch@O@erf=\skip87
\f@nch@O@olf=\skip88
\f@nch@O@orf=\skip89
)
(/usr/share/texlive/texmf-dist/tex/latex/natbib/natbib.sty
Package: natbib 2010/09/13 8.31b (PWD, AO)
\bibhang=\skip90
\bibsep=\skip91
LaTeX Info: Redefining \cite on input line 694.
\c@NAT@ctr=\count303
)
(/usr/share/texlive/texmf-dist/tex/latex/tocloft/tocloft.sty
Package: tocloft 2017/08/31 v2.3i parameterised ToC, etc., typesetting
Package tocloft Info: The document has chapter divisions on input line 51.
\cftparskip=\skip92
\cftbeforetoctitleskip=\skip93
\cftaftertoctitleskip=\skip94
\cftbeforepartskip=\skip95
\cftpartnumwidth=\skip96
\cftpartindent=\skip97
\cftbeforechapskip=\skip98
\cftchapindent=\skip99
\cftchapnumwidth=\skip100
\cftbeforesecskip=\skip101
\cftsecindent=\skip102
\cftsecnumwidth=\skip103
\cftbeforesubsecskip=\skip104
\cftsubsecindent=\skip105
\cftsubsecnumwidth=\skip106
\cftbeforesubsubsecskip=\skip107
\cftsubsubsecindent=\skip108
\cftsubsubsecnumwidth=\skip109
\cftbeforeparaskip=\skip110
\cftparaindent=\skip111
\cftparanumwidth=\skip112
\cftbeforesubparaskip=\skip113
\cftsubparaindent=\skip114
\cftsubparanumwidth=\skip115
\cftbeforeloftitleskip=\skip116
\cftafterloftitleskip=\skip117
\cftbeforefigskip=\skip118
\cftfigindent=\skip119
\cftfignumwidth=\skip120
\c@lofdepth=\count304
\c@lotdepth=\count305
\cftbeforelottitleskip=\skip121
\cftafterlottitleskip=\skip122
\cftbeforetabskip=\skip123
\cfttabindent=\skip124
\cfttabnumwidth=\skip125
)
\@indexfile=\write4
\openout4 = `refman.idx'.


Writing index file refman.idx
(/usr/share/texlive/texmf-dist/tex/latex/newunicodechar/newunicodechar.sty
Package: newunicodechar 2018/04/08 v1.2 Defining Unicode characters
)

Package newunicodechar Warning: Redefining Unicode character on input line 115.



Package newunicodechar Warning: Redefining Unicode character on input line 116.


(/usr/share/texlive/texmf-dist/tex/latex/hyperref/hyperref.sty
Package: hyperref 2021-06-07 v7.00m Hypertext links for LaTeX

(/usr/share/texlive/texmf-dist/tex/generic/ltxcmds/ltxcmds.sty
Package: ltxcmds 2020-05-10 v1.25 LaTeX kernel commands for general use (HO)
)
(/usr/share/texlive/texmf-dist/tex/generic/pdftexcmds/pdftexcmds.sty
Package: pdftexcmds 2020-06-27 v0.33 Utility functions of pdfTeX for LuaTeX (HO
)

(/usr/share/texlive/texmf-dist/tex/generic/infwarerr/infwarerr.sty
Package: infwarerr 2019/12/03 v1.5 Providing info/warning/error messages (HO)
)
Package pdftexcmds Info: \pdf@primitive is available.
Package pdftexcmds Info: \pdf@ifprimitive is available.
Package pdftexcmds Info: \pdfdraftmode found.
)
(/usr/share/texlive/texmf-dist/tex/generic/kvsetkeys/kvsetkeys.sty
Package: kvsetkeys 2019/12/15 v1.18 Key value parser (HO)
)
(/usr/share/texlive/texmf-dist/tex/generic/kvdefinekeys/kvdefinekeys.sty
Package: kvdefinekeys 2019-12-19 v1.6 Define keys (HO)
)
(/usr/share/texlive/texmf-dist/tex/generic/pdfescape/pdfescape.sty
Package: pdfescape 2019/12/09 v1.15 Implements pdfTeX's escape features (HO)
)
(/usr/share/texlive/texmf-dist/tex/latex/hycolor/hycolor.sty
Package: hycolor 2020-01-27 v1.10 Color options for hyperref/bookmark (HO)
)
(/usr/share/texlive/texmf-dist/tex/latex/letltxmacro/letltxmacro.sty
Package: letltxmacro 2019/12/03 v1.6 Let assignment for LaTeX macros (HO)
)
(/usr/share/texlive/texmf-dist/tex/latex/auxhook/auxhook.sty
Package: auxhook 2019-12-17 v1.6 Hooks for auxiliary files (HO)
)
(/usr/share/texlive/texmf-dist/tex/latex/kvoptions/kvoptions.sty
Package: kvoptions 2020-10-07 v3.14 Key value format for package options (HO)
)
\@linkdim=\dimen195
\Hy@linkcounter=\count306
\Hy@pagecounter=\count307

(/usr/share/texlive/texmf-dist/tex/latex/hyperref/pd1enc.def
File: pd1enc.def 2021-06-07 v7.00m Hyperref: PDFDocEncoding definition (HO)
Now handling font encoding PD1 ...
... no UTF-8 mapping file for font encoding PD1
)
(/usr/share/texlive/texmf-dist/tex/latex/hyperref/hyperref-langpatches.def
File: hyperref-langpatches.def 2021-06-07 v7.00m Hyperref: patches for babel la
nguages
)
(/usr/share/texlive/texmf-dist/tex/generic/intcalc/intcalc.sty
Package: intcalc 2019/12/15 v1.3 Expandable calculations with integers (HO)
)
(/usr/share/texlive/texmf-dist/tex/generic/etexcmds/etexcmds.sty
Package: etexcmds 2019/12/15 v1.7 Avoid name clashes with e-TeX commands (HO)
)
\Hy@SavedSpaceFactor=\count308

(/usr/share/texlive/texmf-dist/tex/latex/hyperref/puenc.def
File: puenc.def 2021-06-07 v7.00m Hyperref: PDF Unicode definition (HO)
Now handling font encoding PU ...
... no UTF-8 mapping file for font encoding PU
)
Package hyperref Info: Hyper figures OFF on input line 4192.
Package hyperref Info: Link nesting OFF on input line 4197.
Package hyperref Info: Hyper index ON on input line 4200.
Package hyperref Info: Plain pages OFF on input line 4207.
Package hyperref Info: Backreferencing ON on input line 4210.
Package hyperref Info: Implicit mode ON; LaTeX internals redefined.
Package hyperref Info: Bookmarks ON on input line 4445.

(/usr/share/texlive/texmf-dist/tex/latex/hyperref/backref.sty
Package: backref 2021/02/04 v1.41 Bibliographical back referencing

(/usr/share/texlive/texmf-dist/tex/latex/rerunfilecheck/rerunfilecheck.sty
Package: rerunfilecheck 2019/12/05 v1.9 Rerun checks for auxiliary files (HO)

(/usr/share/texlive/texmf-dist/tex/latex/base/atveryend-ltx.sty
Package: atveryend-ltx 2020/08/19 v1.0a Emulation of the original atveryend pac
kage
with kernel methods
)
(/usr/share/texlive/texmf-dist/tex/generic/uniquecounter/uniquecounter.sty
Package: uniquecounter 2019/12/15 v1.4 Provide unlimited unique counter (HO)

(/usr/share/texlive/texmf-dist/tex/generic/bigintcalc/bigintcalc.sty
Package: bigintcalc 2019/12/15 v1.5 Expandable calculations on big integers (HO
)
))
Package uniquecounter Info: New unique counter `rerunfilecheck' on input line 2
86.
))
\c@Hy@tempcnt=\count309

(/usr/share/texlive/texmf-dist/tex/latex/url/url.sty
\Urlmuskip=\muskip16
Package: url 2013/09/16  ver 3.4  Verb mode for urls, etc.
)
LaTeX Info: Redefining \url on input line 4804.
\XeTeXLinkMargin=\dimen196

(/usr/share/texlive/texmf-dist/tex/generic/bitset/bitset.sty
Package: bitset 2019/12/09 v1.3 Handle bit-vector datatype (HO)
)
\Fld@menulength=\count310
\Field@Width=\dimen197
\Fld@charsize=\dimen198
Package hyperref Info: Hyper figures OFF on input line 6076.
Package hyperref Info: Link nesting OFF on input line 6081.
Package hyperref Info: Hyper index ON on input line 6084.
Package hyperref Info: backreferencing ON on input line 6089.
Package hyperref Info: Link coloring OFF on input line 6096.
Package hyperref Info: Link coloring with OCG OFF on input line 6101.
Package hyperref Info: PDF/A mode OFF on input line 6106.
LaTeX Info: Redefining \ref on input line 6146.
LaTeX Info: Redefining \pageref on input line 6150.

(/usr/share/texlive/texmf-dist/tex/latex/base/atbegshi-ltx.sty
Package: atbegshi-ltx 2021/01/10 v1.0c Emulation of the original atbegshi
package with kernel methods
)
\Hy@abspage=\count311
\c@Item=\count312
\c@Hfootnote=\count313


LaTeX Warning: Command \LT@p@ftntext  has changed.
               Check if current package is valid.

)
Package hyperref Info: Driver: hpdftex.
 (/usr/share/texlive/texmf-dist/tex/latex/hyperref/hpdftex.def
File: hpdftex.def 2021-06-07 v7.00m Hyperref driver for pdfTeX
\Fld@listcount=\count314
\c@bookmark@seq@number=\count315
\Hy@SectionHShift=\skip126
)
Package hyperref Info: Option `colorlinks' set `true' on input line 134.
Package hyperref Info: Option `unicode' set `true' on input line 134.

(/usr/share/texlive/texmf-dist/tex/latex/caption/caption.sty
Package: caption 2020/10/26 v3.5g Customizing captions (AR)

(/usr/share/texlive/texmf-dist/tex/latex/caption/caption3.sty
Package: caption3 2020/10/21 v2.2e caption3 kernel (AR)
\captionmargin=\dimen199
\captionmargin@=\dimen256
\captionwidth=\dimen257
\caption@tempdima=\dimen258
\caption@indent=\dimen259
\caption@parindent=\dimen260
\caption@hangindent=\dimen261
Package caption Info: Standard document class detected.
)
\c@caption@flags=\count316
\c@continuedfloat=\count317
Package caption Info: float package is loaded.
Package caption Info: hyperref package is loaded.
Package caption Info: longtable package is loaded.

(/usr/share/texlive/texmf-dist/tex/latex/caption/ltcaption.sty
Package: ltcaption 2020/05/30 v1.4b longtable captions (AR)
))
(/usr/share/texlive/texmf-dist/tex/latex/etoc/etoc.sty
Package: etoc 2021/09/23 v1.09e Completely customisable TOCs (JFB)
\Etoc@toctoks=\toks34
\c@etoc@tocid=\count318
\c@etoc@tocdepth=\count319
\etoc@framed@titlebox=\box118
\etoc@framed@contentsbox=\box119
)
LaTeX Font Info:    Trying to load font information for T1+phv on input line 14
9.

(/usr/share/texlive/texmf-dist/tex/latex/psnfss/t1phv.fd
File: t1phv.fd 2020/03/25 scalable font definitions for T1/phv.
)
LaTeX Font Info:    Font shape `T1/phv/m/n' will be
(Font)              scaled to size 8.99994pt on input line 149.

(/usr/share/texlive/texmf-dist/tex/latex/l3backend/l3backend-pdftex.def
File: l3backend-pdftex.def 2022-01-12 L3 backend support: PDF output (pdfTeX)
\l__color_backend_stack_int=\count320
\l__pdf_internal_box=\box120
)
(./refman.aux

LaTeX Warning: Label `structautomate' multiply defined.


LaTeX Warning: Label `sources_2Automate_8h_ae3ac5c83c5aa6a1fbef3fe68c664460c' m
ultiply defined.


LaTeX Warning: Label `sources_2Automate_8h_a2b6fb7bde348f1d42559f92ea9e7a4ed' m
ultiply defined.


LaTeX Warning: Label `sources_2Automate_8h_aaf64c8c7eaae013a268342471b42548d' m
ultiply defined.


LaTeX Warning: Label `sources_2Automate_8h_a6d8c3f98bbb4212368325d2e2dad083a' m
ultiply defined.


LaTeX Warning: Label `sources_2Automate_8h_aff6ee64a9c3a7ff40efce3b88da82867' m
ultiply defined.


LaTeX Warning: Label `sources_2Automate_8h_ab6e420dd9e24241d4a32521b578db808' m
ultiply defined.


LaTeX Warning: Label `sources_2Automate_8h_a64e42fa561e8a9118c8ab946b68f4d07' m
ultiply defined.


LaTeX Warning: Label `structtable__de__lecture__automate' multiply defined.


LaTeX Warning: Label `sources_2Automate_8h_a597ad2cff1fed32d0d5143a69c3aa09f' m
ultiply defined.


LaTeX Warning: Label `sources_2Automate_8h_a3c7ddadde9a9136c0323ad15ac524ffc' m
ultiply defined.


LaTeX Warning: Label `sources_2Automate_8h_aadc73fb5ae087a4883ab7dd2b889e57f' m
ultiply defined.


LaTeX Warning: Label `structmot' multiply defined.


LaTeX Warning: Label `sources_2Automate_8h_a7408fd9a6be5d73d608fdbf8ea45b782' m
ultiply defined.


LaTeX Warning: Label `sources_2Automate_8h_aa3ab2901aefd8a7cf32b3687a7b017cf' m
ultiply defined.

)
\openout1 = `refman.aux'.

LaTeX Font Info:    Checking defaults for OML/cmm/m/it on input line 149.
LaTeX Font Info:    ... okay on input line 149.
LaTeX Font Info:    Checking defaults for OMS/cmsy/m/n on input line 149.
LaTeX Font Info:    ... okay on input line 149.
LaTeX Font Info:    Checking defaults for OT1/cmr/m/n on input line 149.
LaTeX Font Info:    ... okay on input line 149.
LaTeX Font Info:    Checking defaults for T1/cmr/m/n on input line 149.
LaTeX Font Info:    ... okay on input line 149.
LaTeX Font Info:    Checking defaults for TS1/cmr/m/n on input line 149.
LaTeX Font Info:    ... okay on input line 149.
LaTeX Font Info:    Checking defaults for OMX/cmex/m/n on input line 149.
LaTeX Font Info:    ... okay on input line 149.
LaTeX Font Info:    Checking defaults for U/cmr/m/n on input line 149.
LaTeX Font Info:    ... okay on input line 149.
LaTeX Font Info:    Checking defaults for PD1/pdf/m/n on input line 149.
LaTeX Font Info:    ... okay on input line 149.
LaTeX Font Info:    Checking defaults for PU/pdf/m/n on input line 149.
LaTeX Font Info:    ... okay on input line 149.
 (/usr/share/texlive/texmf-dist/tex/context/base/mkii/supp-pdf.mkii
[Loading MPS to PDF converter (version 2006.09.02).]
\scratchcounter=\count321
\scratchdimen=\dimen262
\scratchbox=\box121
\nofMPsegments=\count322
\nofMParguments=\count323
\everyMPshowfont=\toks35
\MPscratchCnt=\count324
\MPscratchDim=\dimen263
\MPnumerator=\count325
\makeMPintoPDFobject=\count326
\everyMPtoPDFconversion=\toks36
) (/usr/share/texlive/texmf-dist/tex/latex/epstopdf-pkg/epstopdf-base.sty
Package: epstopdf-base 2020-01-24 v2.11 Base part for package epstopdf
Package epstopdf-base Info: Redefining graphics rule for `.eps' on input line 4
85.

(/usr/share/texlive/texmf-dist/tex/latex/latexconfig/epstopdf-sys.cfg
File: epstopdf-sys.cfg 2010/07/13 v1.3 Configuration of (r)epstopdf for TeX Liv
e
))
*geometry* driver: auto-detecting
*geometry* detected driver: pdftex
*geometry* verbose mode - [ preamble ] result:
* driver: pdftex
* paper: a4paper
* layout: <same size as paper>
* layoutoffset:(h,v)=(0.0pt,0.0pt)
* modes: twoside 
* h-part:(L,W,R)=(71.13188pt, 455.24411pt, 71.13188pt)
* v-part:(T,H,B)=(71.13188pt, 702.78308pt, 71.13188pt)
* \paperwidth=597.50787pt
* \paperheight=845.04684pt
* \textwidth=455.24411pt
* \textheight=702.78308pt
* \oddsidemargin=-1.1381pt
* \evensidemargin=-1.1381pt
* \topmargin=-31.2056pt
* \headheight=12.0pt
* \headsep=18.06749pt
* \topskip=10.0pt
* \footskip=25.29494pt
* \marginparwidth=125.0pt
* \marginparsep=7.0pt
* \columnsep=10.0pt
* \skip\footins=9.0pt plus 4.0pt minus 2.0pt
* \hoffset=0.0pt
* \voffset=0.0pt
* \mag=1000
* \@twocolumnfalse
* \@twosidetrue
* \@mparswitchtrue
* \@reversemarginfalse
* (1in=72.27pt=25.4mm, 1cm=28.453pt)

Package hyperref Info: Link coloring ON on input line 149.
(/usr/share/texlive/texmf-dist/tex/latex/hyperref/nameref.sty
Package: nameref 2021-04-02 v2.47 Cross-referencing by name of section

(/usr/share/texlive/texmf-dist/tex/latex/refcount/refcount.sty
Package: refcount 2019/12/15 v3.6 Data extraction from label references (HO)
)
(/usr/share/texlive/texmf-dist/tex/generic/gettitlestring/gettitlestring.sty
Package: gettitlestring 2019/12/15 v1.6 Cleanup title references (HO)
)
\c@section@level=\count327
)
LaTeX Info: Redefining \ref on input line 149.
LaTeX Info: Redefining \pageref on input line 149.
LaTeX Info: Redefining \nameref on input line 149.

(./refman.out) (./refman.out)
\@outlinefile=\write5
\openout5 = `refman.out'.

Package backref Info: ** backref set up for natbib ** on input line 149.
Package caption Info: Begin \AtBeginDocument code.
Package caption Info: End \AtBeginDocument code.
\Etoc@tf=\read4
Package hyperref Info: Option `pageanchor' set `false' on input line 156.
Package hyperref Info: Option `bookmarksnumbered' set `true' on input line 156.

Package hyperref Info: Option `unicode' set `true' on input line 156.
LaTeX Font Info:    Font shape `T1/phv/m/n' will be
(Font)              scaled to size 12.9599pt on input line 161.
LaTeX Font Info:    Font shape `T1/phv/m/n' will be
(Font)              scaled to size 6.29996pt on input line 161.
LaTeX Font Info:    Trying to load font information for U+msa on input line 161
.

(/usr/share/texlive/texmf-dist/tex/latex/amsfonts/umsa.fd
File: umsa.fd 2013/01/14 v3.01 AMS symbols A
)
LaTeX Font Info:    Trying to load font information for U+msb on input line 161
.

(/usr/share/texlive/texmf-dist/tex/latex/amsfonts/umsb.fd
File: umsb.fd 2013/01/14 v3.01 AMS symbols B
)
LaTeX Font Info:    Trying to load font information for U+wasy on input line 16
1.

(/usr/share/texlive/texmf-dist/tex/latex/wasysym/uwasy.fd
File: uwasy.fd 2020/01/19 v2.4 Wasy-2 symbol font definitions
)
LaTeX Font Info:    Font shape `T1/phv/m/n' will be
(Font)              scaled to size 10.79993pt on input line 163.
 [1


{/var/lib/texmf/fonts/map/pdftex/updmap/pdftex.map}] [2

]
\tf@toc=\write6
\openout6 = `refman.toc'.

LaTeX Font Info:    Font shape `T1/phv/b/n' will be
(Font)              scaled to size 8.99994pt on input line 169.
LaTeX Font Info:    Font shape `T1/phv/b/n' will be
(Font)              scaled to size 6.29996pt on input line 169.
 [1] [2] [3] [4] [5] [6] [7] [8

]
Package hyperref Info: Option `pageanchor' set `true' on input line 171.

Chapter 1.
LaTeX Font Info:    Font shape `T1/phv/m/n' will be
(Font)              scaled to size 18.66588pt on input line 174.
LaTeX Font Info:    Font shape `T1/phv/b/n' will be
(Font)              scaled to size 18.66588pt on input line 174.
LaTeX Font Info:    Font shape `T1/phv/bc/n' will be
(Font)              scaled to size 18.66588pt on input line 174.
LaTeX Font Info:    Font shape `T1/phv/m/n' will be
(Font)              scaled to size 22.39185pt on input line 174.
LaTeX Font Info:    Font shape `T1/phv/b/n' will be
(Font)              scaled to size 22.39185pt on input line 174.
LaTeX Font Info:    Font shape `T1/phv/bc/n' will be
(Font)              scaled to size 22.39185pt on input line 174.
(./md_README.tex) [1

] [2

]
Chapter 2.
(./files.tex
LaTeX Font Info:    Font shape `T1/phv/b/n' will be
(Font)              scaled to size 12.9599pt on input line 1.
) [3] [4

]
Chapter 3.
(./Contribution_01au_01projet_2sources_2automate_8c.tex
LaTeX Font Info:    Trying to load font information for T1+pcr on input line 3.


(/usr/share/texlive/texmf-dist/tex/latex/psnfss/t1pcr.fd
File: t1pcr.fd 2001/06/04 font definitions for T1/pcr.
)
LaTeX Font Info:    Font shape `T1/phv/b/n' will be
(Font)              scaled to size 10.79993pt on input line 12.
LaTeX Font Info:    Trying to load font information for TS1+phv on input line 1
5.

(/usr/share/texlive/texmf-dist/tex/latex/psnfss/ts1phv.fd
File: ts1phv.fd 2020/03/25 scalable font definitions for TS1/phv.
)
LaTeX Font Info:    Font shape `TS1/phv/m/n' will be
(Font)              scaled to size 8.99994pt on input line 15.
LaTeX Font Info:    Font shape `T1/phv/m/n' will be
(Font)              scaled to size 7.19995pt on input line 28.
LaTeX Font Info:    Font shape `T1/pcr/m/it' in size <8> not available
(Font)              Font shape `T1/pcr/m/sl' tried instead on input line 28.
LaTeX Font Info:    Font shape `T1/phv/bc/n' will be
(Font)              scaled to size 8.99994pt on input line 36.

Underfull \hbox (badness 10000) detected at line 36
[][][]
 []

[5]
Underfull \hbox (badness 10000) detected at line 45
[][][]
 []

) (./Projet__C_2sources_2automate_8c.tex [6]
LaTeX Font Info:    Font shape `T1/pcr/m/it' in size <7> not available
(Font)              Font shape `T1/pcr/m/sl' tried instead on input line 139.
 [7]
Underfull \hbox (badness 10000) detected at line 152
[][][]
 []


Underfull \hbox (badness 10000) detected at line 172
[][][]
 []

[8]
Overfull \vbox (26.31714pt too high) has occurred while \output is active []


[9] [10]
Underfull \hbox (badness 10000) detected at line 325
[][][]
 []

[11]
Underfull \hbox (badness 10000) detected at line 339
[][][]
 []


Underfull \hbox (badness 10000) detected at line 355
[][][]
 []


Underfull \hbox (badness 10000) detected at line 371
[][][]
 []

[12]
Underfull \hbox (badness 10000) detected at line 385
[][][]
 []


Underfull \hbox (badness 10000) detected at line 401
[][][]
 []


Underfull \hbox (badness 10000) detected at line 415
[][][]
 []


Overfull \vbox (18.3634pt too high) has occurred while \output is active []


[13]
Underfull \hbox (badness 10000) detected at line 433
[][][]
 []


Underfull \hbox (badness 10000) detected at line 447
[][][]
 []


Underfull \hbox (badness 10000) detected at line 474
[][][]
 []

[14]
Underfull \hbox (badness 10000) detected at line 488
[][][]
 []


Underfull \hbox (badness 10000) detected at line 504
[][][]
 []


Underfull \hbox (badness 10000) detected at line 520
[][][]
 []

[15]
Underfull \hbox (badness 10000) detected at line 538
[][][]
 []


Underfull \hbox (badness 10000) detected at line 554
[][][]
 []


Underfull \hbox (badness 10000) detected at line 563
[][][]
 []

[16]
Underfull \hbox (badness 10000) detected at line 581
[][][]
 []


Underfull \hbox (badness 10000) detected at line 599
[][][]
 []


Underfull \hbox (badness 10000) detected at line 617
[][][]
 []

[17]
Underfull \hbox (badness 10000) detected at line 631
[][][]
 []


Underfull \hbox (badness 10000) detected at line 645
[][][]
 []


Underfull \hbox (badness 10000) detected at line 659
[][][]
 []

[18]
Underfull \hbox (badness 10000) detected at line 695
[][][]
 []

[19] [20]
Underfull \hbox (badness 10000) detected at line 725
[][][]
 []


Underfull \hbox (badness 10000) detected at line 743
[][][]
 []


Underfull \hbox (badness 10000) detected at line 761
[][][]
 []

[21]
Underfull \hbox (badness 10000) detected at line 777
[][][]
 []


Underfull \hbox (badness 10000) detected at line 793
[][][]
 []


Underfull \hbox (badness 10000) detected at line 809
[][][]
 []

[22]
Underfull \hbox (badness 10000) detected at line 823
[][][]
 []


Underfull \hbox (badness 10000) detected at line 837
[][][]
 []


Underfull \hbox (badness 10000) detected at line 855
[][][]
 []

[23]
Underfull \hbox (badness 10000) detected at line 869
[][][]
 []


Underfull \hbox (badness 10000) detected at line 885
[][][]
 []


Underfull \hbox (badness 10000) detected at line 901
[][][]
 []

[24]
Underfull \hbox (badness 10000) detected at line 917
[][][]
 []


Underfull \hbox (badness 10000) detected at line 933
[][][]
 []


Underfull \hbox (badness 10000) detected at line 947
[][][]
 []

[25]
Underfull \hbox (badness 10000) detected at line 961
[][][]
 []


Underfull \hbox (badness 10000) detected at line 983
[][][]
 []


Overfull \vbox (31.83287pt too high) has occurred while \output is active []


[26]
Underfull \hbox (badness 10000) detected at line 1001
[][][]
 []


Underfull \hbox (badness 10000) detected at line 1019
[][][]
 []

) (./sources_2automate_8c.tex [27]
Underfull \hbox (badness 10000) detected at line 135
[][][]
 []


Underfull \hbox (badness 10000) detected at line 138
[][][]
 []

[28]
Underfull \hbox (badness 10000) detected at line 141
[][][]
 []


Underfull \hbox (badness 10000) detected at line 144
[][][]
 []


Underfull \hbox (badness 10000) detected at line 167
[][][]
 []


Overfull \vbox (27.4307pt too high) has occurred while \output is active []


[29]
Underfull \hbox (badness 10000) detected at line 187
[][][]
 []

[30] [31] [32]
Underfull \hbox (badness 10000) detected at line 340
[][][]
 []


Underfull \hbox (badness 10000) detected at line 354
[][][]
 []


Underfull \hbox (badness 10000) detected at line 370
[][][]
 []

[33]
Underfull \hbox (badness 10000) detected at line 386
[][][]
 []


Underfull \hbox (badness 10000) detected at line 400
[][][]
 []


Underfull \hbox (badness 10000) detected at line 416
[][][]
 []

[34]
Underfull \hbox (badness 10000) detected at line 430
[][][]
 []


Underfull \hbox (badness 10000) detected at line 448
[][][]
 []


Underfull \hbox (badness 10000) detected at line 462
[][][]
 []

[35]
Underfull \hbox (badness 10000) detected at line 489
[][][]
 []


Underfull \hbox (badness 10000) detected at line 503
[][][]
 []

[36]
Underfull \hbox (badness 10000) detected at line 519
[][][]
 []


Underfull \hbox (badness 10000) detected at line 535
[][][]
 []


Underfull \hbox (badness 10000) detected at line 553
[][][]
 []

[37]
Underfull \hbox (badness 10000) detected at line 569
[][][]
 []


Underfull \hbox (badness 10000) detected at line 578
[][][]
 []


Underfull \hbox (badness 10000) detected at line 596
[][][]
 []

[38]
Underfull \hbox (badness 10000) detected at line 614
[][][]
 []


Underfull \hbox (badness 10000) detected at line 632
[][][]
 []


Underfull \hbox (badness 10000) detected at line 646
[][][]
 []

[39]
Underfull \hbox (badness 10000) detected at line 660
[][][]
 []


Underfull \hbox (badness 10000) detected at line 674
[][][]
 []

[40]
Underfull \hbox (badness 10000) detected at line 710
[][][]
 []


Underfull \hbox (badness 10000) detected at line 724
[][][]
 []

[41]
Underfull \hbox (badness 10000) detected at line 738
[][][]
 []


Underfull \hbox (badness 10000) detected at line 756
[][][]
 []


Underfull \hbox (badness 10000) detected at line 774
[][][]
 []

[42]
Underfull \hbox (badness 10000) detected at line 792
[][][]
 []


Underfull \hbox (badness 10000) detected at line 808
[][][]
 []


Underfull \hbox (badness 10000) detected at line 824
[][][]
 []

[43]
Underfull \hbox (badness 10000) detected at line 840
[][][]
 []


Underfull \hbox (badness 10000) detected at line 854
[][][]
 []


Underfull \hbox (badness 10000) detected at line 868
[][][]
 []

[44]
Underfull \hbox (badness 10000) detected at line 886
[][][]
 []


Underfull \hbox (badness 10000) detected at line 900
[][][]
 []


Underfull \hbox (badness 10000) detected at line 916
[][][]
 []

[45]
Underfull \hbox (badness 10000) detected at line 932
[][][]
 []


Underfull \hbox (badness 10000) detected at line 948
[][][]
 []

[46]
Underfull \hbox (badness 10000) detected at line 964
[][][]
 []


Underfull \hbox (badness 10000) detected at line 978
[][][]
 []


Underfull \hbox (badness 10000) detected at line 992
[][][]
 []

[47]
Underfull \hbox (badness 10000) detected at line 1014
[][][]
 []


Underfull \hbox (badness 10000) detected at line 1032
[][][]
 []

[48]
Underfull \hbox (badness 10000) detected at line 1050
[][][]
 []

) (./Contribution_01au_01projet_2sources_2Automate_8h.tex)
(./Projet__C_2sources_2Automate_8h.tex [49]
Overfull \vbox (21.88281pt too high) has occurred while \output is active []


[50] [51]
Underfull \hbox (badness 10000) detected at line 273
[][][]
 []


Underfull \hbox (badness 10000) detected at line 293
[][][]
 []

[52] [53] [54]
Underfull \hbox (badness 10000) detected at line 446
[][][]
 []

[55]
Underfull \hbox (badness 10000) detected at line 460
[][][]
 []


Underfull \hbox (badness 10000) detected at line 476
[][][]
 []


Underfull \hbox (badness 10000) detected at line 492
[][][]
 []

[56]
Underfull \hbox (badness 10000) detected at line 506
[][][]
 []


Underfull \hbox (badness 10000) detected at line 522
[][][]
 []


Underfull \hbox (badness 10000) detected at line 536
[][][]
 []

[57]
Underfull \hbox (badness 10000) detected at line 554
[][][]
 []


Underfull \hbox (badness 10000) detected at line 568
[][][]
 []


Overfull \vbox (7.85123pt too high) has occurred while \output is active []


[58]
Underfull \hbox (badness 10000) detected at line 595
[][][]
 []


Underfull \hbox (badness 10000) detected at line 609
[][][]
 []


Underfull \hbox (badness 10000) detected at line 625
[][][]
 []

[59]
Underfull \hbox (badness 10000) detected at line 641
[][][]
 []


Underfull \hbox (badness 10000) detected at line 659
[][][]
 []


Underfull \hbox (badness 10000) detected at line 675
[][][]
 []


Underfull \hbox (badness 10000) detected at line 684
[][][]
 []

[60]
Underfull \hbox (badness 10000) detected at line 702
[][][]
 []


Underfull \hbox (badness 10000) detected at line 720
[][][]
 []


Overfull \vbox (9.8762pt too high) has occurred while \output is active []


[61]
Underfull \hbox (badness 10000) detected at line 738
[][][]
 []


Underfull \hbox (badness 10000) detected at line 752
[][][]
 []


Underfull \hbox (badness 10000) detected at line 766
[][][]
 []

[62]
Underfull \hbox (badness 10000) detected at line 780
[][][]
 []


Underfull \hbox (badness 10000) detected at line 816
[][][]
 []

[63]
Underfull \hbox (badness 10000) detected at line 834
[][][]
 []


Underfull \hbox (badness 10000) detected at line 852
[][][]
 []


Underfull \hbox (badness 10000) detected at line 870
[][][]
 []

[64]
Underfull \hbox (badness 10000) detected at line 886
[][][]
 []


Underfull \hbox (badness 10000) detected at line 902
[][][]
 []


Underfull \hbox (badness 10000) detected at line 918
[][][]
 []

[65]
Underfull \hbox (badness 10000) detected at line 932
[][][]
 []


Underfull \hbox (badness 10000) detected at line 946
[][][]
 []


Underfull \hbox (badness 10000) detected at line 964
[][][]
 []

[66]
Underfull \hbox (badness 10000) detected at line 978
[][][]
 []


Underfull \hbox (badness 10000) detected at line 994
[][][]
 []


Underfull \hbox (badness 10000) detected at line 1010
[][][]
 []

[67]
Underfull \hbox (badness 10000) detected at line 1026
[][][]
 []


Underfull \hbox (badness 10000) detected at line 1042
[][][]
 []


Underfull \hbox (badness 10000) detected at line 1056
[][][]
 []

[68]
Underfull \hbox (badness 10000) detected at line 1070
[][][]
 []


Underfull \hbox (badness 10000) detected at line 1092
[][][]
 []


Overfull \vbox (31.83287pt too high) has occurred while \output is active []


[69]
Underfull \hbox (badness 10000) detected at line 1110
[][][]
 []


Underfull \hbox (badness 10000) detected at line 1128
[][][]
 []

) (./sources_2Automate_8h.tex [70] [71]
Underfull \hbox (badness 10000) detected at line 145
[][][]
 []


Underfull \hbox (badness 10000) detected at line 148
[][][]
 []


Underfull \hbox (badness 10000) detected at line 151
[][][]
 []


Underfull \hbox (badness 10000) detected at line 154
[][][]
 []

pdfTeX warning (ext4): destination with the same identifier (name{sources_2Auto
mate_8h_structautomate}) has been already used, duplicate ignored
<to be read again> 
                   \relax 
l.161 ...rget{sources_2Automate_8h_structautomate}
                                                  pdfTeX warning (ext4): destin
ation with the same identifier (name{sources_2Automate_8h_ae3ac5c83c5aa6a1fbef3
fe68c664460c}) has been already used, duplicate ignored
<to be read again> 
                   \relax 
l.206 \end{DoxyFields}
                      
pdfTeX warning (ext4): destination with the same identifier (name{sources_2Auto
mate_8h_a2b6fb7bde348f1d42559f92ea9e7a4ed}) has been already used, duplicate ig
nored
<to be read again> 
                   \relax 
l.206 \end{DoxyFields}
                      
pdfTeX warning (ext4): destination with the same identifier (name{sources_2Auto
mate_8h_aaf64c8c7eaae013a268342471b42548d}) has been already used, duplicate ig
nored
<to be read again> 
                   \relax 
l.206 \end{DoxyFields}
                      
pdfTeX warning (ext4): destination with the same identifier (name{sources_2Auto
mate_8h_a6d8c3f98bbb4212368325d2e2dad083a}) has been already used, duplicate ig
nored
<to be read again> 
                   \relax 
l.206 \end{DoxyFields}
                      
pdfTeX warning (ext4): destination with the same identifier (name{sources_2Auto
mate_8h_aff6ee64a9c3a7ff40efce3b88da82867}) has been already used, duplicate ig
nored
<to be read again> 
                   \relax 
l.206 \end{DoxyFields}
                      
pdfTeX warning (ext4): destination with the same identifier (name{sources_2Auto
mate_8h_ab6e420dd9e24241d4a32521b578db808}) has been already used, duplicate ig
nored
<to be read again> 
                   \relax 
l.206 \end{DoxyFields}
                      
pdfTeX warning (ext4): destination with the same identifier (name{sources_2Auto
mate_8h_a64e42fa561e8a9118c8ab946b68f4d07}) has been already used, duplicate ig
nored
<to be read again> 
                   \relax 
l.206 \end{DoxyFields}
                      
pdfTeX warning (ext4): destination with the same identifier (name{sources_2Auto
mate_8h_ae3ac5c83c5aa6a1fbef3fe68c664460c}) has been already used, duplicate ig
nored
<to be read again> 
                   \relax 
l.206 \end{DoxyFields}
                      
pdfTeX warning (ext4): destination with the same identifier (name{sources_2Auto
mate_8h_a2b6fb7bde348f1d42559f92ea9e7a4ed}) has been already used, duplicate ig
nored
<to be read again> 
                   \relax 
l.206 \end{DoxyFields}
                      
pdfTeX warning (ext4): destination with the same identifier (name{sources_2Auto
mate_8h_aaf64c8c7eaae013a268342471b42548d}) has been already used, duplicate ig
nored
<to be read again> 
                   \relax 
l.206 \end{DoxyFields}
                      
pdfTeX warning (ext4): destination with the same identifier (name{sources_2Auto
mate_8h_a6d8c3f98bbb4212368325d2e2dad083a}) has been already used, duplicate ig
nored
<to be read again> 
                   \relax 
l.206 \end{DoxyFields}
                      
pdfTeX warning (ext4): destination with the same identifier (name{sources_2Auto
mate_8h_aff6ee64a9c3a7ff40efce3b88da82867}) has been already used, duplicate ig
nored
<to be read again> 
                   \relax 
l.206 \end{DoxyFields}
                      
pdfTeX warning (ext4): destination with the same identifier (name{sources_2Auto
mate_8h_ab6e420dd9e24241d4a32521b578db808}) has been already used, duplicate ig
nored
<to be read again> 
                   \relax 
l.206 \end{DoxyFields}
                      
pdfTeX warning (ext4): destination with the same identifier (name{sources_2Auto
mate_8h_a64e42fa561e8a9118c8ab946b68f4d07}) has been already used, duplicate ig
nored
<to be read again> 
                   \relax 
l.206 \end{DoxyFields}
                      
pdfTeX warning (ext4): destination with the same identifier (name{sources_2Auto
mate_8h_ae3ac5c83c5aa6a1fbef3fe68c664460c}) has been already used, duplicate ig
nored
<to be read again> 
                   \relax 
l.206 \end{DoxyFields}
                      
pdfTeX warning (ext4): destination with the same identifier (name{sources_2Auto
mate_8h_a2b6fb7bde348f1d42559f92ea9e7a4ed}) has been already used, duplicate ig
nored
<to be read again> 
                   \relax 
l.206 \end{DoxyFields}
                      
pdfTeX warning (ext4): destination with the same identifier (name{sources_2Auto
mate_8h_aaf64c8c7eaae013a268342471b42548d}) has been already used, duplicate ig
nored
<to be read again> 
                   \relax 
l.206 \end{DoxyFields}
                      
pdfTeX warning (ext4): destination with the same identifier (name{sources_2Auto
mate_8h_a6d8c3f98bbb4212368325d2e2dad083a}) has been already used, duplicate ig
nored
<to be read again> 
                   \relax 
l.206 \end{DoxyFields}
                      
pdfTeX warning (ext4): destination with the same identifier (name{sources_2Auto
mate_8h_aff6ee64a9c3a7ff40efce3b88da82867}) has been already used, duplicate ig
nored
<to be read again> 
                   \relax 
l.206 \end{DoxyFields}
                      
pdfTeX warning (ext4): destination with the same identifier (name{sources_2Auto
mate_8h_ab6e420dd9e24241d4a32521b578db808}) has been already used, duplicate ig
nored
<to be read again> 
                   \relax 
l.206 \end{DoxyFields}
                      
pdfTeX warning (ext4): destination with the same identifier (name{sources_2Auto
mate_8h_a64e42fa561e8a9118c8ab946b68f4d07}) has been already used, duplicate ig
nored
<to be read again> 
                   \relax 
l.206 \end{DoxyFields}
                      
pdfTeX warning (ext4): destination with the same identifier (name{sources_2Auto
mate_8h_structtable__de__lecture__automate}) has been already used, duplicate i
gnored
<to be read again> 
                   \relax 
l.208 ...te_8h_structtable__de__lecture__automate}
                                                  pdfTeX warning (ext4): destin
ation with the same identifier (name{sources_2Automate_8h_a597ad2cff1fed32d0d51
43a69c3aa09f}) has been already used, duplicate ignored
<to be read again> 
                   \relax 
l.229 \end{DoxyFields}
                      
pdfTeX warning (ext4): destination with the same identifier (name{sources_2Auto
mate_8h_a3c7ddadde9a9136c0323ad15ac524ffc}) has been already used, duplicate ig
nored
<to be read again> 
                   \relax 
l.229 \end{DoxyFields}
                      
pdfTeX warning (ext4): destination with the same identifier (name{sources_2Auto
mate_8h_aadc73fb5ae087a4883ab7dd2b889e57f}) has been already used, duplicate ig
nored
<to be read again> 
                   \relax 
l.229 \end{DoxyFields}
                      
pdfTeX warning (ext4): destination with the same identifier (name{sources_2Auto
mate_8h_a597ad2cff1fed32d0d5143a69c3aa09f}) has been already used, duplicate ig
nored
<to be read again> 
                   \relax 
l.229 \end{DoxyFields}
                      
pdfTeX warning (ext4): destination with the same identifier (name{sources_2Auto
mate_8h_a3c7ddadde9a9136c0323ad15ac524ffc}) has been already used, duplicate ig
nored
<to be read again> 
                   \relax 
l.229 \end{DoxyFields}
                      
pdfTeX warning (ext4): destination with the same identifier (name{sources_2Auto
mate_8h_aadc73fb5ae087a4883ab7dd2b889e57f}) has been already used, duplicate ig
nored
<to be read again> 
                   \relax 
l.229 \end{DoxyFields}
                      
pdfTeX warning (ext4): destination with the same identifier (name{sources_2Auto
mate_8h_a597ad2cff1fed32d0d5143a69c3aa09f}) has been already used, duplicate ig
nored
<to be read again> 
                   \relax 
l.229 \end{DoxyFields}
                      
pdfTeX warning (ext4): destination with the same identifier (name{sources_2Auto
mate_8h_a3c7ddadde9a9136c0323ad15ac524ffc}) has been already used, duplicate ig
nored
<to be read again> 
                   \relax 
l.229 \end{DoxyFields}
                      
pdfTeX warning (ext4): destination with the same identifier (name{sources_2Auto
mate_8h_aadc73fb5ae087a4883ab7dd2b889e57f}) has been already used, duplicate ig
nored
<to be read again> 
                   \relax 
l.229 \end{DoxyFields}
                      
pdfTeX warning (ext4): destination with the same identifier (name{sources_2Auto
mate_8h_structmot}) has been already used, duplicate ignored
<to be read again> 
                   \relax 
l.231 \Hypertarget{sources_2Automate_8h_structmot}
                                                  pdfTeX warning (ext4): destin
ation with the same identifier (name{sources_2Automate_8h_a7408fd9a6be5d73d608f
dbf8ea45b782}) has been already used, duplicate ignored
<to be read again> 
                   \relax 
l.246 \end{DoxyFields}
                      
pdfTeX warning (ext4): destination with the same identifier (name{sources_2Auto
mate_8h_aa3ab2901aefd8a7cf32b3687a7b017cf}) has been already used, duplicate ig
nored
<to be read again> 
                   \relax 
l.246 \end{DoxyFields}
                      
pdfTeX warning (ext4): destination with the same identifier (name{sources_2Auto
mate_8h_a7408fd9a6be5d73d608fdbf8ea45b782}) has been already used, duplicate ig
nored
<to be read again> 
                   \relax 
l.246 \end{DoxyFields}
                      
pdfTeX warning (ext4): destination with the same identifier (name{sources_2Auto
mate_8h_aa3ab2901aefd8a7cf32b3687a7b017cf}) has been already used, duplicate ig
nored
<to be read again> 
                   \relax 
l.246 \end{DoxyFields}
                      
pdfTeX warning (ext4): destination with the same identifier (name{sources_2Auto
mate_8h_a7408fd9a6be5d73d608fdbf8ea45b782}) has been already used, duplicate ig
nored
<to be read again> 
                   \relax 
l.246 \end{DoxyFields}
                      
pdfTeX warning (ext4): destination with the same identifier (name{sources_2Auto
mate_8h_aa3ab2901aefd8a7cf32b3687a7b017cf}) has been already used, duplicate ig
nored
<to be read again> 
                   \relax 
l.246 \end{DoxyFields}
                      
[72] [73]
Underfull \hbox (badness 10000) detected at line 288
[][][]
 []


Underfull \hbox (badness 10000) detected at line 308
[][][]
 []


Underfull \hbox (badness 10000) detected at line 322
[][][]
 []

[74] [75] [76]
Underfull \hbox (badness 10000) detected at line 475
[][][]
 []

[77]
Underfull \hbox (badness 10000) detected at line 489
[][][]
 []


Underfull \hbox (badness 10000) detected at line 505
[][][]
 []


Underfull \hbox (badness 10000) detected at line 521
[][][]
 []

[78]
Underfull \hbox (badness 10000) detected at line 535
[][][]
 []


Underfull \hbox (badness 10000) detected at line 551
[][][]
 []


Underfull \hbox (badness 10000) detected at line 565
[][][]
 []

[79]
Underfull \hbox (badness 10000) detected at line 583
[][][]
 []


Underfull \hbox (badness 10000) detected at line 597
[][][]
 []

[80]
Underfull \hbox (badness 10000) detected at line 624
[][][]
 []


Underfull \hbox (badness 10000) detected at line 638
[][][]
 []


Underfull \hbox (badness 10000) detected at line 654
[][][]
 []

[81]
Underfull \hbox (badness 10000) detected at line 670
[][][]
 []


Underfull \hbox (badness 10000) detected at line 688
[][][]
 []

[82]
Underfull \hbox (badness 10000) detected at line 704
[][][]
 []


Underfull \hbox (badness 10000) detected at line 713
[][][]
 []


Underfull \hbox (badness 10000) detected at line 731
[][][]
 []

[83]
Underfull \hbox (badness 10000) detected at line 749
[][][]
 []


Underfull \hbox (badness 10000) detected at line 767
[][][]
 []


Underfull \hbox (badness 10000) detected at line 781
[][][]
 []

[84]
Underfull \hbox (badness 10000) detected at line 795
[][][]
 []


Underfull \hbox (badness 10000) detected at line 809
[][][]
 []

[85]
Underfull \hbox (badness 10000) detected at line 845
[][][]
 []


Underfull \hbox (badness 10000) detected at line 863
[][][]
 []


Underfull \hbox (badness 10000) detected at line 881
[][][]
 []

[86]
Underfull \hbox (badness 10000) detected at line 899
[][][]
 []


Underfull \hbox (badness 10000) detected at line 915
[][][]
 []

[87]
Underfull \hbox (badness 10000) detected at line 931
[][][]
 []


Underfull \hbox (badness 10000) detected at line 947
[][][]
 []


Underfull \hbox (badness 10000) detected at line 961
[][][]
 []

[88]
Underfull \hbox (badness 10000) detected at line 975
[][][]
 []


Underfull \hbox (badness 10000) detected at line 993
[][][]
 []


Underfull \hbox (badness 10000) detected at line 1007
[][][]
 []


Overfull \vbox (19.39273pt too high) has occurred while \output is active []


[89]
Underfull \hbox (badness 10000) detected at line 1023
[][][]
 []


Underfull \hbox (badness 10000) detected at line 1039
[][][]
 []


Underfull \hbox (badness 10000) detected at line 1055
[][][]
 []

[90]
Underfull \hbox (badness 10000) detected at line 1071
[][][]
 []


Underfull \hbox (badness 10000) detected at line 1085
[][][]
 []


Underfull \hbox (badness 10000) detected at line 1099
[][][]
 []

[91]
Underfull \hbox (badness 10000) detected at line 1121
[][][]
 []


Underfull \hbox (badness 10000) detected at line 1139
[][][]
 []

[92]
Underfull \hbox (badness 10000) detected at line 1157
[][][]
 []

) (./Projet__C_2sources_2main_8c.tex
Underfull \hbox (badness 10000) detected at line 26
[][][]
 []

) (./sources_2main_8c.tex
Underfull \hbox (badness 10000) detected at line 26
[][][]
 []

) (./README_8md.tex) [93] [94] (./refman.ind [95



] [96] [97]) (./refman.aux)

LaTeX Warning: There were multiply-defined labels.

Package rerunfilecheck Info: File `refman.out' has not changed.
(rerunfilecheck)             Checksum: E6121914E0B1021969FD809060139973;62902.
 ) 
Here is how much of TeX's memory you used:
 18898 strings out of 478287
 324135 string characters out of 5849290
 701540 words of memory out of 5000000
 35880 multiletter control sequences out of 15000+600000
 521820 words of font info for 93 fonts, out of 8000000 for 9000
 1141 hyphenation exceptions out of 8191
 99i,15n,117p,553b,645s stack positions out of 5000i,500n,10000p,200000b,80000s
{/usr/share/texlive/texmf-dist/fonts/enc/dvips/base/8r.enc}</usr/share/texliv
e/texmf-dist/fonts/type1/public/amsfonts/cm/cmmi10.pfb></usr/share/texlive/texm
f-dist/fonts/type1/public/amsfonts/cm/cmmi7.pfb></usr/share/texlive/texmf-dist/
fonts/type1/public/amsfonts/cm/cmsy10.pfb></usr/share/texlive/texmf-dist/fonts/
type1/public/amsfonts/cm/cmsy7.pfb></usr/share/texlive/texmf-dist/fonts/type1/p
ublic/amsfonts/cm/cmsy8.pfb></usr/share/texlive/texmf-dist/fonts/type1/urw/cour
ier/ucrr8a.pfb></usr/share/texlive/texmf-dist/fonts/type1/urw/courier/ucrro8a.p
fb></usr/share/texlive/texmf-dist/fonts/type1/urw/helvetic/uhvb8a.pfb></usr/sha
re/texlive/texmf-dist/fonts/type1/urw/helvetic/uhvb8ac.pfb></usr/share/texlive/
texmf-dist/fonts/type1/urw/helvetic/uhvr8a.pfb></usr/share/texlive/texmf-dist/f
onts/type1/urw/helvetic/uhvro8a.pfb>
Output written on refman.pdf (107 pages, 312280 bytes).
PDF statistics:
 3856 PDF objects out of 4296 (max. 8388607)
 3688 compressed objects within 37 object streams
 875 named destinations out of 1000 (max. 500000)
 2177 words of extra memory for PDF output out of 10000 (max. 10000000)

